This file contains any messages produced by compilers while
running configure, to aid debugging if configure makes a mistake.

It was created by GNU Emacs configure 30.0.90, which was
generated by GNU Autoconf 2.71.  Invocation command line was

  $ ./configure --with-android=/usr/local/lib/android/sdk/platforms/android-34/android.jar ANDROID_CC=/usr/local/lib/android/sdk/ndk/25.2.9519653/toolchains/llvm/prebuilt/linux-x86_64/bin/aarch64-linux-android22-clang SDK_BUILD_TOOLS=/usr/local/lib/android/sdk/build-tools/34.0.0 '--with-ndk-path="/home/runner/work/my-emacs/my-emacs/my_sub_modules/my-tiff-4.5.0 /home/runner/work/my-emacs/my-emacs/my_sub_modules/my-libpng /home/runner/work/my-emacs/my-emacs/my_sub_modules/my-webp /home/runner/work/my-emacs/my-emacs/my_sub_modules/my-icu /home/runner/work/my-emacs/my-emacs/my_sub_modules/my-libxml2 /home/runner/work/my-emacs/my-emacs/my_sub_modules/my-gnutls-3.7.8 /home/runner/work/my-emacs/my-emacs/my_sub_modules/my-gmp-6.2.1 /home/runner/work/my-emacs/my-emacs/my_sub_modules/my-libtasn1-4.19.0 /home/runner/work/my-emacs/my-emacs/my_sub_modules/my-p11-kit-0.24.1 /home/runner/work/my-emacs/my-emacs/my_sub_modules/my-nettle-3.8 /home/runner/work/my-emacs/my-emacs/my_sub_modules/my-tree-sitter-0.20.7 /home/runner/work/my-emacs/my-emacs/my_sub_modules/my-harfbuzz-7.1.0 /home/runner/work/my-emacs/my-emacs/my_sub_modules/my-sqlite /home/runner/work/my-emacs/my-emacs/my_sub_modules/my-giflib /home/runner/work/my-emacs/my-emacs/my_sub_modules/my-jansson /home/runner/work/my-emacs/my-emacs/my_sub_modules/my-libjpeg-turbo /home/runner/work/my-emacs/my-emacs/my_sub_modules/my-libselinux /home/runner/work/my-emacs/my-emacs/my_sub_modules/my-core/libpackagelistparser /home/runner/work/my-emacs/my-emacs/my_sub_modules/my-pcre /home/runner/work/my-emacs/my-emacs/my_sub_modules/my-boringssl /home/runner/work/my-emacs/my-emacs/my_sub_modules/my-Android-ImageMagick7 DUMMY"' --with-shared-user-id=com.termux --with-gnutls=yes --with-tree-sitter=yes --with-harfbuzz=yes --with-sqlite3=yes --with-xml2=yes --with-gif=yes --with-tiff=yes --with-jpeg=yes --with-webp=yes --with-selinux=yes --with-png=yes --with-imagemagick=yes

## --------- ##
## Platform. ##
## --------- ##

hostname = fv-az1382-880
uname -m = x86_64
uname -r = 6.5.0-1025-azure
uname -s = Linux
uname -v = #26~22.04.1-Ubuntu SMP Thu Jul 11 22:33:04 UTC 2024

/usr/bin/uname -p = x86_64
/bin/uname -X     = unknown

/bin/arch              = x86_64
/usr/bin/arch -k       = unknown
/usr/convex/getsysinfo = unknown
/usr/bin/hostinfo      = unknown
/bin/machine           = unknown
/usr/bin/oslevel       = unknown
/bin/universe          = unknown

PATH: /usr/local/lib/android/sdk/platform-tools/
PATH: /usr/local/lib/android/sdk/cmdline-tools/7.0/bin/
PATH: /opt/hostedtoolcache/Java_Zulu_jdk/11.0.24-8/x64/bin/
PATH: /snap/bin/
PATH: /home/runner/.local/bin/
PATH: /opt/pipx_bin/
PATH: /home/runner/.cargo/bin/
PATH: /home/runner/.config/composer/vendor/bin/
PATH: /usr/local/.ghcup/bin/
PATH: /home/runner/.dotnet/tools/
PATH: /usr/local/sbin/
PATH: /usr/local/bin/
PATH: /usr/sbin/
PATH: /usr/bin/
PATH: /sbin/
PATH: /bin/
PATH: /usr/games/
PATH: /usr/local/games/
PATH: /snap/bin/


## ----------- ##
## Core tests. ##
## ----------- ##

configure:4828: looking for aux files: install-sh ndk-build-helper.mk config.guess config.sub
configure:4841:  trying ./build-aux/
configure:4852:   ./build-aux/install-sh found
configure:4870:   ./build-aux/ndk-build-helper.mk found
configure:4870:   ./build-aux/config.guess found
configure:4870:   ./build-aux/config.sub found
configure:5055: checking for xcrun
configure:5090: result: no
configure:5159: checking for GNU Make
configure:5215: result: make
configure:5249: checking build system type
configure:5264: result: x86_64-pc-linux-gnu
configure:5284: checking host system type
configure:5298: result: x86_64-pc-linux-gnu
configure:7535: checking for javac
configure:7556: found /opt/hostedtoolcache/Java_Zulu_jdk/11.0.24-8/x64/bin/javac
configure:7567: result: javac
configure:7590: checking for jarsigner
configure:7611: found /opt/hostedtoolcache/Java_Zulu_jdk/11.0.24-8/x64/bin/jarsigner
configure:7622: result: jarsigner
configure:7641: checking whether the Java compiler works
warning: [options] bootstrap class path not set in conjunction with -source 7
1 warning
configure:7672: result: yes
configure:7680: checking whether android.jar is new enough
warning: [options] bootstrap class path not set in conjunction with -source 7
1 warning
configure:7705: result: yes
configure:7714: checking whether javac accepts --release 7
configure:7737: result: yes
configure:7747: checking whether Java compiler accepts -Xlint:deprecation
configure:7770: result: yes
configure:7779: checking whether Java compiler accepts -Xlint:cast
configure:7802: result: yes
configure:7811: checking whether Java compiler accepts -Xlint:divzero
configure:7834: result: yes
configure:7843: checking whether Java compiler accepts -Xlint:nonempty
error: invalid flag: -Xlint:nonempty
Usage: javac <options> <source files>
use --help for a list of possible options
configure:7866: result: no
configure:7875: checking whether Java compiler accepts -Xlint:empty
configure:7898: result: yes
configure:7907: checking whether Java compiler accepts -Xlint:finally
configure:7930: result: yes
configure:7939: checking whether Java compiler accepts -Xlint:overrides
configure:7962: result: yes
configure:7971: checking whether Java compiler accepts -Xlint:path
configure:7994: result: yes
configure:8003: checking whether Java compiler accepts -Xlint:serial
configure:8026: result: yes
configure:8035: checking whether Java compiler accepts -Xlint:unchecked
configure:8058: result: yes
configure:8077: checking for aapt
configure:8101: found /usr/local/lib/android/sdk/build-tools/34.0.0/aapt
configure:8113: result: /usr/local/lib/android/sdk/build-tools/34.0.0/aapt
configure:8133: checking for apksigner
configure:8157: found /usr/local/lib/android/sdk/build-tools/34.0.0/apksigner
configure:8169: result: /usr/local/lib/android/sdk/build-tools/34.0.0/apksigner
configure:8189: checking for d8
configure:8213: found /usr/local/lib/android/sdk/build-tools/34.0.0/d8
configure:8225: result: /usr/local/lib/android/sdk/build-tools/34.0.0/d8
configure:8270: checking whether d8.jar coresident with d8 binary provides r8
configure:8283: result: yes
configure:8297: checking for zipalign
configure:8321: found /usr/local/lib/android/sdk/build-tools/34.0.0/zipalign
configure:8333: result: /usr/local/lib/android/sdk/build-tools/34.0.0/zipalign
configure:8359: checking for the kind of Android system Emacs is being built for
configure:8379: error: configure could not determine the type of Android binary Emacs is being configured for.  Please port this configure script to your Android system, or verify that you specified the correct compiler in the ANDROID_CC variable when you ran configure.

The compiler target is: 

## ---------------- ##
## Cache variables. ##
## ---------------- ##

ac_cv_build=x86_64-pc-linux-gnu
ac_cv_env_ALSA_CFLAGS_set=
ac_cv_env_ALSA_CFLAGS_value=
ac_cv_env_ALSA_LIBS_set=
ac_cv_env_ALSA_LIBS_value=
ac_cv_env_ANDROID_CC_set=set
ac_cv_env_ANDROID_CC_value=/usr/local/lib/android/sdk/ndk/25.2.9519653/toolchains/llvm/prebuilt/linux-x86_64/bin/aarch64-linux-android22-clang
ac_cv_env_ANDROID_CFLAGS_set=
ac_cv_env_ANDROID_CFLAGS_value=
ac_cv_env_APKSIGNER_set=
ac_cv_env_APKSIGNER_value=
ac_cv_env_CAIRO_CFLAGS_set=
ac_cv_env_CAIRO_CFLAGS_value=
ac_cv_env_CAIRO_LIBS_set=
ac_cv_env_CAIRO_LIBS_value=
ac_cv_env_CAIRO_XCB_CFLAGS_set=
ac_cv_env_CAIRO_XCB_CFLAGS_value=
ac_cv_env_CAIRO_XCB_LIBS_set=
ac_cv_env_CAIRO_XCB_LIBS_value=
ac_cv_env_CAIRO_XLIB_CFLAGS_set=
ac_cv_env_CAIRO_XLIB_CFLAGS_value=
ac_cv_env_CAIRO_XLIB_LIBS_set=
ac_cv_env_CAIRO_XLIB_LIBS_value=
ac_cv_env_CCC_set=
ac_cv_env_CCC_value=
ac_cv_env_CC_set=
ac_cv_env_CC_value=
ac_cv_env_CFLAGS_set=
ac_cv_env_CFLAGS_value=
ac_cv_env_CPPFLAGS_set=
ac_cv_env_CPPFLAGS_value=
ac_cv_env_CPP_set=
ac_cv_env_CPP_value=
ac_cv_env_CXXFLAGS_set=
ac_cv_env_CXXFLAGS_value=
ac_cv_env_CXX_set=
ac_cv_env_CXX_value=
ac_cv_env_DBUS_CFLAGS_set=
ac_cv_env_DBUS_CFLAGS_value=
ac_cv_env_DBUS_LIBS_set=
ac_cv_env_DBUS_LIBS_value=
ac_cv_env_FONTCONFIG_CFLAGS_set=
ac_cv_env_FONTCONFIG_CFLAGS_value=
ac_cv_env_FONTCONFIG_LIBS_set=
ac_cv_env_FONTCONFIG_LIBS_value=
ac_cv_env_FREETYPE_CFLAGS_set=
ac_cv_env_FREETYPE_CFLAGS_value=
ac_cv_env_FREETYPE_LIBS_set=
ac_cv_env_FREETYPE_LIBS_value=
ac_cv_env_GCONF_CFLAGS_set=
ac_cv_env_GCONF_CFLAGS_value=
ac_cv_env_GCONF_LIBS_set=
ac_cv_env_GCONF_LIBS_value=
ac_cv_env_GFILENOTIFY_CFLAGS_set=
ac_cv_env_GFILENOTIFY_CFLAGS_value=
ac_cv_env_GFILENOTIFY_LIBS_set=
ac_cv_env_GFILENOTIFY_LIBS_value=
ac_cv_env_GOBJECT_CFLAGS_set=
ac_cv_env_GOBJECT_CFLAGS_value=
ac_cv_env_GOBJECT_LIBS_set=
ac_cv_env_GOBJECT_LIBS_value=
ac_cv_env_GSETTINGS_CFLAGS_set=
ac_cv_env_GSETTINGS_CFLAGS_value=
ac_cv_env_GSETTINGS_LIBS_set=
ac_cv_env_GSETTINGS_LIBS_value=
ac_cv_env_GTK_CFLAGS_set=
ac_cv_env_GTK_CFLAGS_value=
ac_cv_env_GTK_LIBS_set=
ac_cv_env_GTK_LIBS_value=
ac_cv_env_HARFBUZZ_CFLAGS_set=
ac_cv_env_HARFBUZZ_CFLAGS_value=
ac_cv_env_HARFBUZZ_LIBS_set=
ac_cv_env_HARFBUZZ_LIBS_value=
ac_cv_env_IMAGEMAGICK_CFLAGS_set=
ac_cv_env_IMAGEMAGICK_CFLAGS_value=
ac_cv_env_IMAGEMAGICK_LIBS_set=
ac_cv_env_IMAGEMAGICK_LIBS_value=
ac_cv_env_JARSIGNER_set=
ac_cv_env_JARSIGNER_value=
ac_cv_env_JAVAC_set=
ac_cv_env_JAVAC_value=
ac_cv_env_KQUEUE_CFLAGS_set=
ac_cv_env_KQUEUE_CFLAGS_value=
ac_cv_env_KQUEUE_LIBS_set=
ac_cv_env_KQUEUE_LIBS_value=
ac_cv_env_LCMS2_CFLAGS_set=
ac_cv_env_LCMS2_CFLAGS_value=
ac_cv_env_LCMS2_LIBS_set=
ac_cv_env_LCMS2_LIBS_value=
ac_cv_env_LDFLAGS_set=
ac_cv_env_LDFLAGS_value=
ac_cv_env_LIBGNUTLS_CFLAGS_set=
ac_cv_env_LIBGNUTLS_CFLAGS_value=
ac_cv_env_LIBGNUTLS_LIBS_set=
ac_cv_env_LIBGNUTLS_LIBS_value=
ac_cv_env_LIBOTF_CFLAGS_set=
ac_cv_env_LIBOTF_CFLAGS_value=
ac_cv_env_LIBOTF_LIBS_set=
ac_cv_env_LIBOTF_LIBS_value=
ac_cv_env_LIBSECCOMP_CFLAGS_set=
ac_cv_env_LIBSECCOMP_CFLAGS_value=
ac_cv_env_LIBSECCOMP_LIBS_set=
ac_cv_env_LIBSECCOMP_LIBS_value=
ac_cv_env_LIBSYSTEMD_CFLAGS_set=
ac_cv_env_LIBSYSTEMD_CFLAGS_value=
ac_cv_env_LIBSYSTEMD_LIBS_set=
ac_cv_env_LIBSYSTEMD_LIBS_value=
ac_cv_env_LIBS_set=
ac_cv_env_LIBS_value=
ac_cv_env_LIBXML2_CFLAGS_set=
ac_cv_env_LIBXML2_CFLAGS_value=
ac_cv_env_LIBXML2_LIBS_set=
ac_cv_env_LIBXML2_LIBS_value=
ac_cv_env_M17N_FLT_CFLAGS_set=
ac_cv_env_M17N_FLT_CFLAGS_value=
ac_cv_env_M17N_FLT_LIBS_set=
ac_cv_env_M17N_FLT_LIBS_value=
ac_cv_env_OBJCFLAGS_set=
ac_cv_env_OBJCFLAGS_value=
ac_cv_env_OBJC_set=
ac_cv_env_OBJC_value=
ac_cv_env_PKG_CONFIG_LIBDIR_set=
ac_cv_env_PKG_CONFIG_LIBDIR_value=
ac_cv_env_PKG_CONFIG_PATH_set=
ac_cv_env_PKG_CONFIG_PATH_value=
ac_cv_env_PKG_CONFIG_set=
ac_cv_env_PKG_CONFIG_value=
ac_cv_env_PNG_CFLAGS_set=
ac_cv_env_PNG_CFLAGS_value=
ac_cv_env_PNG_LIBS_set=
ac_cv_env_PNG_LIBS_value=
ac_cv_env_RSVG_CFLAGS_set=
ac_cv_env_RSVG_CFLAGS_value=
ac_cv_env_RSVG_LIBS_set=
ac_cv_env_RSVG_LIBS_value=
ac_cv_env_SDK_BUILD_TOOLS_set=set
ac_cv_env_SDK_BUILD_TOOLS_value=/usr/local/lib/android/sdk/build-tools/34.0.0
ac_cv_env_TREE_SITTER_CFLAGS_set=
ac_cv_env_TREE_SITTER_CFLAGS_value=
ac_cv_env_TREE_SITTER_LIBS_set=
ac_cv_env_TREE_SITTER_LIBS_value=
ac_cv_env_WEBKIT_CFLAGS_set=
ac_cv_env_WEBKIT_CFLAGS_value=
ac_cv_env_WEBKIT_LIBS_set=
ac_cv_env_WEBKIT_LIBS_value=
ac_cv_env_WEBP_CFLAGS_set=
ac_cv_env_WEBP_CFLAGS_value=
ac_cv_env_WEBP_LIBS_set=
ac_cv_env_WEBP_LIBS_value=
ac_cv_env_XFIXES_CFLAGS_set=
ac_cv_env_XFIXES_CFLAGS_value=
ac_cv_env_XFIXES_LIBS_set=
ac_cv_env_XFIXES_LIBS_value=
ac_cv_env_XFT_CFLAGS_set=
ac_cv_env_XFT_CFLAGS_value=
ac_cv_env_XFT_LIBS_set=
ac_cv_env_XFT_LIBS_value=
ac_cv_env_XINERAMA_CFLAGS_set=
ac_cv_env_XINERAMA_CFLAGS_value=
ac_cv_env_XINERAMA_LIBS_set=
ac_cv_env_XINERAMA_LIBS_value=
ac_cv_env_XINPUT_CFLAGS_set=
ac_cv_env_XINPUT_CFLAGS_value=
ac_cv_env_XINPUT_LIBS_set=
ac_cv_env_XINPUT_LIBS_value=
ac_cv_env_XMKMF_set=
ac_cv_env_XMKMF_value=
ac_cv_env_XRANDR_CFLAGS_set=
ac_cv_env_XRANDR_CFLAGS_value=
ac_cv_env_XRANDR_LIBS_set=
ac_cv_env_XRANDR_LIBS_value=
ac_cv_env_ZIP_set=
ac_cv_env_ZIP_value=
ac_cv_env_build_alias_set=
ac_cv_env_build_alias_value=
ac_cv_env_host_alias_set=
ac_cv_env_host_alias_value=
ac_cv_env_target_alias_set=
ac_cv_env_target_alias_value=
ac_cv_host=x86_64-pc-linux-gnu
ac_cv_path_AAPT=/usr/local/lib/android/sdk/build-tools/34.0.0/aapt
ac_cv_path_APKSIGNER=/usr/local/lib/android/sdk/build-tools/34.0.0/apksigner
ac_cv_path_D8=/usr/local/lib/android/sdk/build-tools/34.0.0/d8
ac_cv_path_MAKE=make
ac_cv_path_ZIPALIGN=/usr/local/lib/android/sdk/build-tools/34.0.0/zipalign
ac_cv_prog_JARSIGNER=jarsigner
ac_cv_prog_JAVAC=javac
emacs_cv_android_u_or_later=yes
emacs_cv_d8_provides_r8=yes
emacs_cv_javac_knows_lint_cast=yes
emacs_cv_javac_knows_lint_deprecation=yes
emacs_cv_javac_knows_lint_divzero=yes
emacs_cv_javac_knows_lint_empty=yes
emacs_cv_javac_knows_lint_finally=yes
emacs_cv_javac_knows_lint_nonempty=no
emacs_cv_javac_knows_lint_overrides=yes
emacs_cv_javac_knows_lint_path=yes
emacs_cv_javac_knows_lint_serial=yes
emacs_cv_javac_knows_lint_unchecked=yes
emacs_cv_javac_release_7=yes
emacs_cv_working_javac=yes

## ----------------- ##
## Output variables. ##
## ----------------- ##

AAPT='/usr/local/lib/android/sdk/build-tools/34.0.0/aapt'
ALLOCA=''
ALLOCA_H=''
ALSA_CFLAGS=''
ALSA_LIBS=''
AM_DEFAULT_VERBOSITY=''
ANDROID=''
ANDROID_ABI=''
ANDROID_BUILD_CFLAGS=''
ANDROID_CC='/usr/local/lib/android/sdk/ndk/25.2.9519653/toolchains/llvm/prebuilt/linux-x86_64/bin/aarch64-linux-android22-clang'
ANDROID_CFLAGS=''
ANDROID_DEBUGGABLE=''
ANDROID_JAR='/usr/local/lib/android/sdk/platforms/android-34/android.jar'
ANDROID_LDFLAGS=''
ANDROID_LIBS=''
ANDROID_MIN_SDK=''
ANDROID_OBJ=''
ANDROID_SDK_18_OR_EARLIER=''
ANDROID_SDK_8_OR_EARLIER=''
ANDROID_SHARED_USER_ID=''
ANDROID_SHARED_USER_NAME=''
APKSIGNER='/usr/local/lib/android/sdk/build-tools/34.0.0/apksigner'
APPLE_UNIVERSAL_BUILD=''
AR=''
ARFLAGS=''
ASSERT_H=''
AUTO_DEPEND=''
AWK=''
BITSIZEOF_PTRDIFF_T=''
BITSIZEOF_SIG_ATOMIC_T=''
BITSIZEOF_SIZE_T=''
BITSIZEOF_WCHAR_T=''
BITSIZEOF_WINT_T=''
BLESSMAIL_TARGET=''
BREW=''
BUILD_DETAILS=''
BYTESWAP_H=''
CAIRO_CFLAGS=''
CAIRO_LIBS=''
CAIRO_XCB_CFLAGS=''
CAIRO_XCB_LIBS=''
CAIRO_XLIB_CFLAGS=''
CAIRO_XLIB_LIBS=''
CC=''
CFLAGS=''
CFLAGS_SOUND=''
CHECK_STRUCTS='false'
CLIENTRES=''
CLIENTW=''
CLOCK_TIME_LIB=''
CM_OBJ=''
COM_ERRLIB=''
CPP=''
CPPFLAGS=''
CRYPTOLIB=''
CXX=''
CXXFLAGS=''
CYGWIN_OBJ=''
C_SWITCH_MACHINE=''
C_SWITCH_SYSTEM=''
C_SWITCH_X_SITE=''
D8='java -cp /usr/local/lib/android/sdk/build-tools/34.0.0/lib/d8.jar com.android.tools.r8.R8'
DBUS_CFLAGS=''
DBUS_LIBS=''
DBUS_OBJ=''
DEFS=''
DESLIB=''
DIR_HAS_FD_MEMBER=''
DOCMISC_W32=''
DUMPING='pdumper'
DYNAMIC_LIB_SECONDARY_SUFFIX=''
DYNAMIC_LIB_SUFFIX=''
DYNLIB_OBJ=''
ECHO_C=''
ECHO_N='-n'
ECHO_T=''
EGREP=''
EMACSRES=''
EMACS_MANIFEST=''
EMULTIHOP_HIDDEN=''
EMULTIHOP_VALUE=''
ENDIAN_H=''
ENDIAN_H_JUST_MISSING_STDINT=''
ENOLINK_HIDDEN=''
ENOLINK_VALUE=''
EOVERFLOW_HIDDEN=''
EOVERFLOW_VALUE=''
ERRNO_H=''
EUIDACCESS_LIBGEN=''
EXECINFO_H=''
EXEEXT=''
FILE_HAS_ACL_LIB=''
FIND_DELETE=''
FIRSTFILE_OBJ=''
FONTCONFIG_CFLAGS=''
FONTCONFIG_LIBS=''
FONT_OBJ=''
FREETYPE_CFLAGS=''
FREETYPE_LIBS=''
GCONF_CFLAGS=''
GCONF_LIBS=''
GETADDRINFO_A_LIBS=''
GETLOADAVG_LIBS=''
GETOPT_CDEFS_H=''
GETOPT_H=''
GETRANDOM_LIB=''
GFILENOTIFY_CFLAGS=''
GFILENOTIFY_LIBS=''
GIF_CFLAGS=''
GL_CFLAG_ALLOW_WARNINGS=''
GL_CFLAG_GNULIB_WARNINGS=''
GL_COND_LIBTOOL_CONDITION=''
GL_COND_OBJ_CANONICALIZE_LGPL_CONDITION=''
GL_COND_OBJ_COPY_FILE_RANGE_CONDITION=''
GL_COND_OBJ_DIRFD_CONDITION=''
GL_COND_OBJ_DUP2_CONDITION=''
GL_COND_OBJ_EUIDACCESS_CONDITION=''
GL_COND_OBJ_EXECINFO_CONDITION=''
GL_COND_OBJ_FACCESSAT_CONDITION=''
GL_COND_OBJ_FCHMODAT_CONDITION=''
GL_COND_OBJ_FCNTL_CONDITION=''
GL_COND_OBJ_FDOPENDIR_CONDITION=''
GL_COND_OBJ_FPENDING_CONDITION=''
GL_COND_OBJ_FREE_CONDITION=''
GL_COND_OBJ_FSTATAT_CONDITION=''
GL_COND_OBJ_FSUSAGE_CONDITION=''
GL_COND_OBJ_FSYNC_CONDITION=''
GL_COND_OBJ_FUTIMENS_CONDITION=''
GL_COND_OBJ_GETDELIM_CONDITION=''
GL_COND_OBJ_GETDTABLESIZE_CONDITION=''
GL_COND_OBJ_GETGROUPS_CONDITION=''
GL_COND_OBJ_GETLINE_CONDITION=''
GL_COND_OBJ_GETLOADAVG_CONDITION=''
GL_COND_OBJ_GETOPT_CONDITION=''
GL_COND_OBJ_GETRANDOM_CONDITION=''
GL_COND_OBJ_GETTIMEOFDAY_CONDITION=''
GL_COND_OBJ_GROUP_MEMBER_CONDITION=''
GL_COND_OBJ_LCHMOD_CONDITION=''
GL_COND_OBJ_LSTAT_CONDITION=''
GL_COND_OBJ_MEMPCPY_CONDITION=''
GL_COND_OBJ_MEMRCHR_CONDITION=''
GL_COND_OBJ_MEMSET_EXPLICIT_CONDITION=''
GL_COND_OBJ_MINI_GMP_GNULIB_CONDITION=''
GL_COND_OBJ_MKOSTEMP_CONDITION=''
GL_COND_OBJ_NANOSLEEP_CONDITION=''
GL_COND_OBJ_OPEN_CONDITION=''
GL_COND_OBJ_PSELECT_CONDITION=''
GL_COND_OBJ_PTHREAD_SIGMASK_CONDITION=''
GL_COND_OBJ_RAWMEMCHR_CONDITION=''
GL_COND_OBJ_READLINKAT_CONDITION=''
GL_COND_OBJ_READLINK_CONDITION=''
GL_COND_OBJ_REGEX_CONDITION=''
GL_COND_OBJ_SIG2STR_CONDITION=''
GL_COND_OBJ_SIGDESCR_NP_CONDITION=''
GL_COND_OBJ_STDIO_READ_CONDITION=''
GL_COND_OBJ_STDIO_WRITE_CONDITION=''
GL_COND_OBJ_STPCPY_CONDITION=''
GL_COND_OBJ_STRNLEN_CONDITION=''
GL_COND_OBJ_STRTOIMAX_CONDITION=''
GL_COND_OBJ_STRTOLL_CONDITION=''
GL_COND_OBJ_SYMLINK_CONDITION=''
GL_COND_OBJ_TIMEGM_CONDITION=''
GL_COND_OBJ_TIME_RZ_CONDITION=''
GL_COND_OBJ_TIME_R_CONDITION=''
GL_COND_OBJ_UTIMENSAT_CONDITION=''
GL_GENERATE_ALLOCA_H_CONDITION=''
GL_GENERATE_ASSERT_H_CONDITION=''
GL_GENERATE_BYTESWAP_H_CONDITION=''
GL_GENERATE_ENDIAN_H_CONDITION=''
GL_GENERATE_ERRNO_H_CONDITION=''
GL_GENERATE_EXECINFO_H_CONDITION=''
GL_GENERATE_GETOPT_CDEFS_H_CONDITION=''
GL_GENERATE_GETOPT_H_CONDITION=''
GL_GENERATE_GMP_GMP_H_CONDITION=''
GL_GENERATE_GMP_H_CONDITION=''
GL_GENERATE_IEEE754_H_CONDITION=''
GL_GENERATE_LIMITS_H_CONDITION=''
GL_GENERATE_MINI_GMP_H_CONDITION=''
GL_GENERATE_STDBIT_H_CONDITION=''
GL_GENERATE_STDCKDINT_H_CONDITION=''
GL_GENERATE_STDDEF_H_CONDITION=''
GL_GENERATE_STDINT_H_CONDITION=''
GL_GNULIB_ABORT_DEBUG=''
GL_GNULIB_ACCESS=''
GL_GNULIB_ALIGNED_ALLOC=''
GL_GNULIB_ALPHASORT=''
GL_GNULIB_ATOLL=''
GL_GNULIB_CALLOC_GNU=''
GL_GNULIB_CALLOC_POSIX=''
GL_GNULIB_CANONICALIZE_FILE_NAME=''
GL_GNULIB_CHDIR=''
GL_GNULIB_CHMOD=''
GL_GNULIB_CHOWN=''
GL_GNULIB_CLOSE=''
GL_GNULIB_CLOSEDIR=''
GL_GNULIB_COPY_FILE_RANGE=''
GL_GNULIB_CREAT=''
GL_GNULIB_CTIME=''
GL_GNULIB_DIRFD=''
GL_GNULIB_DPRINTF=''
GL_GNULIB_DUP2=''
GL_GNULIB_DUP3=''
GL_GNULIB_DUP=''
GL_GNULIB_ENVIRON=''
GL_GNULIB_EUIDACCESS=''
GL_GNULIB_EXECL=''
GL_GNULIB_EXECLE=''
GL_GNULIB_EXECLP=''
GL_GNULIB_EXECV=''
GL_GNULIB_EXECVE=''
GL_GNULIB_EXECVP=''
GL_GNULIB_EXECVPE=''
GL_GNULIB_EXPLICIT_BZERO=''
GL_GNULIB_FACCESSAT=''
GL_GNULIB_FCHDIR=''
GL_GNULIB_FCHMODAT=''
GL_GNULIB_FCHOWNAT=''
GL_GNULIB_FCLOSE=''
GL_GNULIB_FCNTL=''
GL_GNULIB_FDATASYNC=''
GL_GNULIB_FDOPEN=''
GL_GNULIB_FDOPENDIR=''
GL_GNULIB_FFLUSH=''
GL_GNULIB_FFSL=''
GL_GNULIB_FFSLL=''
GL_GNULIB_FGETC=''
GL_GNULIB_FGETS=''
GL_GNULIB_FOPEN=''
GL_GNULIB_FOPEN_GNU=''
GL_GNULIB_FPRINTF=''
GL_GNULIB_FPRINTF_POSIX=''
GL_GNULIB_FPURGE=''
GL_GNULIB_FPUTC=''
GL_GNULIB_FPUTS=''
GL_GNULIB_FREAD=''
GL_GNULIB_FREE_POSIX=''
GL_GNULIB_FREOPEN=''
GL_GNULIB_FSCANF=''
GL_GNULIB_FSEEK=''
GL_GNULIB_FSEEKO=''
GL_GNULIB_FSTAT=''
GL_GNULIB_FSTATAT=''
GL_GNULIB_FSYNC=''
GL_GNULIB_FTELL=''
GL_GNULIB_FTELLO=''
GL_GNULIB_FTRUNCATE=''
GL_GNULIB_FUTIMENS=''
GL_GNULIB_FWRITE=''
GL_GNULIB_GETC=''
GL_GNULIB_GETCHAR=''
GL_GNULIB_GETCWD=''
GL_GNULIB_GETDELIM=''
GL_GNULIB_GETDOMAINNAME=''
GL_GNULIB_GETDTABLESIZE=''
GL_GNULIB_GETENTROPY=''
GL_GNULIB_GETGROUPS=''
GL_GNULIB_GETHOSTNAME=''
GL_GNULIB_GETLINE=''
GL_GNULIB_GETLOADAVG=''
GL_GNULIB_GETLOGIN=''
GL_GNULIB_GETLOGIN_R=''
GL_GNULIB_GETOPT_POSIX=''
GL_GNULIB_GETPAGESIZE=''
GL_GNULIB_GETPASS=''
GL_GNULIB_GETPASS_GNU=''
GL_GNULIB_GETPROGNAME=''
GL_GNULIB_GETRANDOM=''
GL_GNULIB_GETSUBOPT=''
GL_GNULIB_GETTIMEOFDAY=''
GL_GNULIB_GETUMASK=''
GL_GNULIB_GETUSERSHELL=''
GL_GNULIB_GRANTPT=''
GL_GNULIB_GROUP_MEMBER=''
GL_GNULIB_IMAXABS=''
GL_GNULIB_IMAXDIV=''
GL_GNULIB_ISATTY=''
GL_GNULIB_LCHMOD=''
GL_GNULIB_LCHOWN=''
GL_GNULIB_LINK=''
GL_GNULIB_LINKAT=''
GL_GNULIB_LOCALTIME=''
GL_GNULIB_LSEEK=''
GL_GNULIB_LSTAT=''
GL_GNULIB_MALLOC_GNU=''
GL_GNULIB_MALLOC_POSIX=''
GL_GNULIB_MBSCASECMP=''
GL_GNULIB_MBSCASESTR=''
GL_GNULIB_MBSCHR=''
GL_GNULIB_MBSCSPN=''
GL_GNULIB_MBSLEN=''
GL_GNULIB_MBSNCASECMP=''
GL_GNULIB_MBSNLEN=''
GL_GNULIB_MBSPBRK=''
GL_GNULIB_MBSPCASECMP=''
GL_GNULIB_MBSRCHR=''
GL_GNULIB_MBSSEP=''
GL_GNULIB_MBSSPN=''
GL_GNULIB_MBSSTR=''
GL_GNULIB_MBSTOK_R=''
GL_GNULIB_MBSTOWCS=''
GL_GNULIB_MBTOWC=''
GL_GNULIB_MDA_ACCESS=''
GL_GNULIB_MDA_CHDIR=''
GL_GNULIB_MDA_CHMOD=''
GL_GNULIB_MDA_CLOSE=''
GL_GNULIB_MDA_CREAT=''
GL_GNULIB_MDA_DUP2=''
GL_GNULIB_MDA_DUP=''
GL_GNULIB_MDA_ECVT=''
GL_GNULIB_MDA_EXECL=''
GL_GNULIB_MDA_EXECLE=''
GL_GNULIB_MDA_EXECLP=''
GL_GNULIB_MDA_EXECV=''
GL_GNULIB_MDA_EXECVE=''
GL_GNULIB_MDA_EXECVP=''
GL_GNULIB_MDA_EXECVPE=''
GL_GNULIB_MDA_FCLOSEALL=''
GL_GNULIB_MDA_FCVT=''
GL_GNULIB_MDA_FDOPEN=''
GL_GNULIB_MDA_FILENO=''
GL_GNULIB_MDA_GCVT=''
GL_GNULIB_MDA_GETCWD=''
GL_GNULIB_MDA_GETPID=''
GL_GNULIB_MDA_GETW=''
GL_GNULIB_MDA_ISATTY=''
GL_GNULIB_MDA_LSEEK=''
GL_GNULIB_MDA_MEMCCPY=''
GL_GNULIB_MDA_MKDIR=''
GL_GNULIB_MDA_MKTEMP=''
GL_GNULIB_MDA_OPEN=''
GL_GNULIB_MDA_PUTENV=''
GL_GNULIB_MDA_PUTW=''
GL_GNULIB_MDA_READ=''
GL_GNULIB_MDA_RMDIR=''
GL_GNULIB_MDA_STRDUP=''
GL_GNULIB_MDA_SWAB=''
GL_GNULIB_MDA_TEMPNAM=''
GL_GNULIB_MDA_TZSET=''
GL_GNULIB_MDA_UMASK=''
GL_GNULIB_MDA_UNLINK=''
GL_GNULIB_MDA_WRITE=''
GL_GNULIB_MEMCHR=''
GL_GNULIB_MEMMEM=''
GL_GNULIB_MEMPCPY=''
GL_GNULIB_MEMRCHR=''
GL_GNULIB_MEMSET_EXPLICIT=''
GL_GNULIB_MKDIR=''
GL_GNULIB_MKDIRAT=''
GL_GNULIB_MKDTEMP=''
GL_GNULIB_MKFIFO=''
GL_GNULIB_MKFIFOAT=''
GL_GNULIB_MKNOD=''
GL_GNULIB_MKNODAT=''
GL_GNULIB_MKOSTEMP=''
GL_GNULIB_MKOSTEMPS=''
GL_GNULIB_MKSTEMP=''
GL_GNULIB_MKSTEMPS=''
GL_GNULIB_MKTIME=''
GL_GNULIB_NANOSLEEP=''
GL_GNULIB_NONBLOCKING=''
GL_GNULIB_OBSTACK_PRINTF=''
GL_GNULIB_OBSTACK_PRINTF_POSIX=''
GL_GNULIB_OPEN=''
GL_GNULIB_OPENAT=''
GL_GNULIB_OPENDIR=''
GL_GNULIB_OVERRIDES_STRUCT_STAT=''
GL_GNULIB_PCLOSE=''
GL_GNULIB_PERROR=''
GL_GNULIB_PIPE2=''
GL_GNULIB_PIPE=''
GL_GNULIB_POPEN=''
GL_GNULIB_POSIX_MEMALIGN=''
GL_GNULIB_POSIX_OPENPT=''
GL_GNULIB_PREAD=''
GL_GNULIB_PRINTF=''
GL_GNULIB_PRINTF_POSIX=''
GL_GNULIB_PSELECT=''
GL_GNULIB_PTHREAD_SIGMASK=''
GL_GNULIB_PTSNAME=''
GL_GNULIB_PTSNAME_R=''
GL_GNULIB_PUTC=''
GL_GNULIB_PUTCHAR=''
GL_GNULIB_PUTENV=''
GL_GNULIB_PUTS=''
GL_GNULIB_PWRITE=''
GL_GNULIB_QSORT_R=''
GL_GNULIB_RAISE=''
GL_GNULIB_RAND=''
GL_GNULIB_RANDOM=''
GL_GNULIB_RANDOM_R=''
GL_GNULIB_RAWMEMCHR=''
GL_GNULIB_READ=''
GL_GNULIB_READDIR=''
GL_GNULIB_READLINK=''
GL_GNULIB_READLINKAT=''
GL_GNULIB_REALLOCARRAY=''
GL_GNULIB_REALLOC_GNU=''
GL_GNULIB_REALLOC_POSIX=''
GL_GNULIB_REALPATH=''
GL_GNULIB_REMOVE=''
GL_GNULIB_RENAME=''
GL_GNULIB_RENAMEAT=''
GL_GNULIB_REWINDDIR=''
GL_GNULIB_RMDIR=''
GL_GNULIB_RPMATCH=''
GL_GNULIB_SCANDIR=''
GL_GNULIB_SCANF=''
GL_GNULIB_SECURE_GETENV=''
GL_GNULIB_SELECT=''
GL_GNULIB_SETENV=''
GL_GNULIB_SETHOSTNAME=''
GL_GNULIB_SIGABBREV_NP=''
GL_GNULIB_SIGACTION=''
GL_GNULIB_SIGDESCR_NP=''
GL_GNULIB_SIGNAL_H_SIGPIPE=''
GL_GNULIB_SIGPROCMASK=''
GL_GNULIB_SLEEP=''
GL_GNULIB_SNPRINTF=''
GL_GNULIB_SPRINTF_POSIX=''
GL_GNULIB_STAT=''
GL_GNULIB_STDIO_H_NONBLOCKING=''
GL_GNULIB_STDIO_H_SIGPIPE=''
GL_GNULIB_STPCPY=''
GL_GNULIB_STPNCPY=''
GL_GNULIB_STRCASESTR=''
GL_GNULIB_STRCHRNUL=''
GL_GNULIB_STRDUP=''
GL_GNULIB_STRERROR=''
GL_GNULIB_STRERRORNAME_NP=''
GL_GNULIB_STRERROR_R=''
GL_GNULIB_STRFTIME=''
GL_GNULIB_STRNCAT=''
GL_GNULIB_STRNDUP=''
GL_GNULIB_STRNLEN=''
GL_GNULIB_STRPBRK=''
GL_GNULIB_STRPTIME=''
GL_GNULIB_STRSEP=''
GL_GNULIB_STRSIGNAL=''
GL_GNULIB_STRSTR=''
GL_GNULIB_STRTOD=''
GL_GNULIB_STRTOF=''
GL_GNULIB_STRTOIMAX=''
GL_GNULIB_STRTOK_R=''
GL_GNULIB_STRTOL=''
GL_GNULIB_STRTOLD=''
GL_GNULIB_STRTOLL=''
GL_GNULIB_STRTOUL=''
GL_GNULIB_STRTOULL=''
GL_GNULIB_STRTOUMAX=''
GL_GNULIB_STRVERSCMP=''
GL_GNULIB_SYMLINK=''
GL_GNULIB_SYMLINKAT=''
GL_GNULIB_SYSTEM_POSIX=''
GL_GNULIB_TIME=''
GL_GNULIB_TIMEGM=''
GL_GNULIB_TIMESPEC_GET=''
GL_GNULIB_TIMESPEC_GETRES=''
GL_GNULIB_TIME_R=''
GL_GNULIB_TIME_RZ=''
GL_GNULIB_TMPFILE=''
GL_GNULIB_TRUNCATE=''
GL_GNULIB_TTYNAME_R=''
GL_GNULIB_TZSET=''
GL_GNULIB_UNISTD_H_GETOPT=''
GL_GNULIB_UNISTD_H_NONBLOCKING=''
GL_GNULIB_UNISTD_H_SIGPIPE=''
GL_GNULIB_UNLINK=''
GL_GNULIB_UNLINKAT=''
GL_GNULIB_UNLOCKPT=''
GL_GNULIB_UNSETENV=''
GL_GNULIB_USLEEP=''
GL_GNULIB_UTIMENSAT=''
GL_GNULIB_VASPRINTF=''
GL_GNULIB_VDPRINTF=''
GL_GNULIB_VFPRINTF=''
GL_GNULIB_VFPRINTF_POSIX=''
GL_GNULIB_VFSCANF=''
GL_GNULIB_VPRINTF=''
GL_GNULIB_VPRINTF_POSIX=''
GL_GNULIB_VSCANF=''
GL_GNULIB_VSNPRINTF=''
GL_GNULIB_VSPRINTF_POSIX=''
GL_GNULIB_WCTOMB=''
GL_GNULIB_WRITE=''
GL_GNULIB__EXIT=''
GL_STDC_BIT_CEIL=''
GL_STDC_BIT_FLOOR=''
GL_STDC_BIT_WIDTH=''
GL_STDC_COUNT_ONES=''
GL_STDC_COUNT_ZEROS=''
GL_STDC_FIRST_LEADING_ONE=''
GL_STDC_FIRST_LEADING_ZERO=''
GL_STDC_FIRST_TRAILING_ONE=''
GL_STDC_FIRST_TRAILING_ZERO=''
GL_STDC_HAS_SINGLE_BIT=''
GL_STDC_LEADING_ONES=''
GL_STDC_LEADING_ZEROS=''
GL_STDC_TRAILING_ONES=''
GL_STDC_TRAILING_ZEROS=''
GMALLOC_OBJ=''
GMP_H=''
GNULIBHEADERS_OVERRIDE_WINT_T=''
GNULIB_WARN_CFLAGS=''
GNUSTEP_CFLAGS=''
GNU_OBJC_CFLAGS=''
GOBJECT_CFLAGS=''
GOBJECT_LIBS=''
GREP=''
GSETTINGS_CFLAGS=''
GSETTINGS_LIBS=''
GTK_CFLAGS=''
GTK_LIBS=''
GTK_OBJ=''
GZIP_PROG=''
HAIKU_CFLAGS=''
HAIKU_CXX_OBJ=''
HAIKU_LIBS=''
HAIKU_OBJ=''
HARFBUZZ_CFLAGS=''
HARFBUZZ_LIBS=''
HAVE_ALIGNED_ALLOC=''
HAVE_ALLOCA_H=''
HAVE_ALPHASORT=''
HAVE_ATOLL=''
HAVE_BE_APP=''
HAVE_C99_STDINT_H=''
HAVE_CANONICALIZE_FILE_NAME=''
HAVE_CHOWN=''
HAVE_CLOSEDIR=''
HAVE_COPY_FILE_RANGE=''
HAVE_DECL_DIRFD=''
HAVE_DECL_ECVT=''
HAVE_DECL_ENVIRON=''
HAVE_DECL_EXECVPE=''
HAVE_DECL_FCHDIR=''
HAVE_DECL_FCLOSEALL=''
HAVE_DECL_FCVT=''
HAVE_DECL_FDATASYNC=''
HAVE_DECL_FDOPENDIR=''
HAVE_DECL_FPURGE=''
HAVE_DECL_FSEEKO=''
HAVE_DECL_FTELLO=''
HAVE_DECL_GCVT=''
HAVE_DECL_GETDELIM=''
HAVE_DECL_GETDOMAINNAME=''
HAVE_DECL_GETLINE=''
HAVE_DECL_GETLOADAVG=''
HAVE_DECL_GETLOGIN=''
HAVE_DECL_GETLOGIN_R=''
HAVE_DECL_GETPAGESIZE=''
HAVE_DECL_GETUSERSHELL=''
HAVE_DECL_GETW=''
HAVE_DECL_IMAXABS=''
HAVE_DECL_IMAXDIV=''
HAVE_DECL_INITSTATE=''
HAVE_DECL_LOCALTIME_R=''
HAVE_DECL_MEMMEM=''
HAVE_DECL_MEMRCHR=''
HAVE_DECL_OBSTACK_PRINTF=''
HAVE_DECL_POSIX_SPAWN_SETSID=''
HAVE_DECL_PROGRAM_INVOCATION_NAME=''
HAVE_DECL_PUTW=''
HAVE_DECL_SETENV=''
HAVE_DECL_SETHOSTNAME=''
HAVE_DECL_SETSTATE=''
HAVE_DECL_SNPRINTF=''
HAVE_DECL_STRDUP=''
HAVE_DECL_STRERROR_R=''
HAVE_DECL_STRNDUP=''
HAVE_DECL_STRNLEN=''
HAVE_DECL_STRSIGNAL=''
HAVE_DECL_STRTOIMAX=''
HAVE_DECL_STRTOK_R=''
HAVE_DECL_STRTOUMAX=''
HAVE_DECL_TRUNCATE=''
HAVE_DECL_TTYNAME_R=''
HAVE_DECL_UNSETENV=''
HAVE_DECL_VSNPRINTF=''
HAVE_DIRENT_H=''
HAVE_DPRINTF=''
HAVE_DUP3=''
HAVE_ENDIAN_H=''
HAVE_EUIDACCESS=''
HAVE_EXECVPE=''
HAVE_EXPLICIT_BZERO=''
HAVE_FACCESSAT=''
HAVE_FCHDIR=''
HAVE_FCHMODAT=''
HAVE_FCHOWNAT=''
HAVE_FCNTL=''
HAVE_FDATASYNC=''
HAVE_FDOPENDIR=''
HAVE_FFSL=''
HAVE_FFSLL=''
HAVE_FSEEKO=''
HAVE_FSTATAT=''
HAVE_FSYNC=''
HAVE_FTELLO=''
HAVE_FTRUNCATE=''
HAVE_FUTIMENS=''
HAVE_GETDTABLESIZE=''
HAVE_GETENTROPY=''
HAVE_GETGROUPS=''
HAVE_GETHOSTNAME=''
HAVE_GETLOGIN=''
HAVE_GETOPT_H=''
HAVE_GETPAGESIZE=''
HAVE_GETPASS=''
HAVE_GETPROGNAME=''
HAVE_GETRANDOM=''
HAVE_GETSUBOPT=''
HAVE_GETTIMEOFDAY=''
HAVE_GETUMASK=''
HAVE_GRANTPT=''
HAVE_GROUP_MEMBER=''
HAVE_GSETTINGS=''
HAVE_IMAXABS=''
HAVE_IMAXDIV=''
HAVE_IMAXDIV_T=''
HAVE_INITSTATE=''
HAVE_INTTYPES_H=''
HAVE_LCHMOD=''
HAVE_LCHOWN=''
HAVE_LIBGMP=''
HAVE_LIBSECCOMP=''
HAVE_LINK=''
HAVE_LINKAT=''
HAVE_LSTAT=''
HAVE_MACPORTS=''
HAVE_MAX_ALIGN_T=''
HAVE_MBSLEN=''
HAVE_MBTOWC=''
HAVE_MEMPCPY=''
HAVE_MEMSET_EXPLICIT=''
HAVE_MKDIRAT=''
HAVE_MKDTEMP=''
HAVE_MKFIFO=''
HAVE_MKFIFOAT=''
HAVE_MKNOD=''
HAVE_MKNODAT=''
HAVE_MKOSTEMP=''
HAVE_MKOSTEMPS=''
HAVE_MKSTEMP=''
HAVE_MKSTEMPS=''
HAVE_MODULES=''
HAVE_NANOSLEEP=''
HAVE_NATIVE_COMP=''
HAVE_OFF64_T=''
HAVE_OPENAT=''
HAVE_OPENDIR=''
HAVE_OS_H=''
HAVE_PCLOSE=''
HAVE_PDUMPER='yes'
HAVE_PGTK=''
HAVE_PIPE2=''
HAVE_PIPE=''
HAVE_POPEN=''
HAVE_POSIX_MEMALIGN=''
HAVE_POSIX_OPENPT=''
HAVE_POSIX_SIGNALBLOCKING=''
HAVE_POSIX_SPAWN=''
HAVE_POSIX_SPAWNATTR_SETFLAGS=''
HAVE_POSIX_SPAWN_FILE_ACTIONS_ADDCHDIR=''
HAVE_POSIX_SPAWN_FILE_ACTIONS_ADDCHDIR_NP=''
HAVE_PREAD=''
HAVE_PSELECT=''
HAVE_PTHREAD_SIGMASK=''
HAVE_PTSNAME=''
HAVE_PTSNAME_R=''
HAVE_PWRITE=''
HAVE_QSORT_R=''
HAVE_RAISE=''
HAVE_RANDOM=''
HAVE_RANDOM_H=''
HAVE_RANDOM_R=''
HAVE_RAWMEMCHR=''
HAVE_READDIR=''
HAVE_READLINK=''
HAVE_READLINKAT=''
HAVE_REALLOCARRAY=''
HAVE_REALPATH=''
HAVE_RENAMEAT=''
HAVE_REWINDDIR=''
HAVE_RPMATCH=''
HAVE_SCANDIR=''
HAVE_SECCOMP=''
HAVE_SECURE_GETENV=''
HAVE_SETENV=''
HAVE_SETHOSTNAME=''
HAVE_SETSTATE=''
HAVE_SIGABBREV_NP=''
HAVE_SIGACTION=''
HAVE_SIGDESCR_NP=''
HAVE_SIGHANDLER_T=''
HAVE_SIGINFO_T=''
HAVE_SIGNED_SIG_ATOMIC_T=''
HAVE_SIGNED_WCHAR_T=''
HAVE_SIGNED_WINT_T=''
HAVE_SIGSET_T=''
HAVE_SLEEP=''
HAVE_SPAWN_H=''
HAVE_STDINT_H=''
HAVE_STPCPY=''
HAVE_STPNCPY=''
HAVE_STRCASESTR=''
HAVE_STRCHRNUL=''
HAVE_STRERRORNAME_NP=''
HAVE_STRPBRK=''
HAVE_STRPTIME=''
HAVE_STRSEP=''
HAVE_STRTOD=''
HAVE_STRTOF=''
HAVE_STRTOL=''
HAVE_STRTOLD=''
HAVE_STRTOLL=''
HAVE_STRTOUL=''
HAVE_STRTOULL=''
HAVE_STRUCT_RANDOM_DATA=''
HAVE_STRUCT_SIGACTION_SA_SIGACTION=''
HAVE_STRUCT_TIMEVAL=''
HAVE_STRVERSCMP=''
HAVE_SYMLINK=''
HAVE_SYMLINKAT=''
HAVE_SYS_BITYPES_H=''
HAVE_SYS_CDEFS_H=''
HAVE_SYS_INTTYPES_H=''
HAVE_SYS_LOADAVG_H=''
HAVE_SYS_PARAM_H=''
HAVE_SYS_RANDOM_H=''
HAVE_SYS_SELECT_H=''
HAVE_SYS_TIME_H=''
HAVE_SYS_TYPES_H=''
HAVE_TIMEGM=''
HAVE_TIMESPEC_GET=''
HAVE_TIMESPEC_GETRES=''
HAVE_TIMEZONE_T=''
HAVE_TYPE_VOLATILE_SIG_ATOMIC_T=''
HAVE_UNISTD_H=''
HAVE_UNLINKAT=''
HAVE_UNLOCKPT=''
HAVE_USLEEP=''
HAVE_UTIMENSAT=''
HAVE_VASPRINTF=''
HAVE_VDPRINTF=''
HAVE_WCHAR_H=''
HAVE_WCHAR_T=''
HAVE_WINSOCK2_H=''
HAVE_XSERVER=''
HAVE__EXIT=''
HYBRID_MALLOC=''
IEEE754_H=''
IMAGEMAGICK_CFLAGS=''
IMAGEMAGICK_LIBS=''
INCLUDE_NEXT=''
INCLUDE_NEXT_AS_FIRST_DIRECTIVE=''
INSTALL_ARCH_INDEP_EXTRA=''
INSTALL_DATA=''
INSTALL_INFO=''
INSTALL_PROGRAM=''
INSTALL_SCRIPT=''
INT32_MAX_LT_INTMAX_MAX=''
INT64_MAX_EQ_LONG_MAX=''
IS_D8_R8='yes'
JARSIGNER='jarsigner'
JAVAC='javac'
JPEG_CFLAGS=''
KQUEUE_CFLAGS=''
KQUEUE_LIBS=''
KRB4LIB=''
KRB5LIB=''
LCMS2_CFLAGS=''
LCMS2_LIBS=''
LDFLAGS=''
LD_SWITCH_SYSTEM=''
LD_SWITCH_SYSTEM_TEMACS=''
LD_SWITCH_X_SITE=''
LD_SWITCH_X_SITE_RPATH=''
LIBGCCJIT_CFLAGS=''
LIBGCCJIT_LIBS=''
LIBGIF=''
LIBGMP=''
LIBGMP_CFLAGS=''
LIBGNUTLS_CFLAGS=''
LIBGNUTLS_LIBS=''
LIBGNU_LIBDEPS=''
LIBGNU_LTLIBDEPS=''
LIBGPM=''
LIBHESIOD=''
LIBINTL=''
LIBJPEG=''
LIBMODULES=''
LIBOBJS=''
LIBOTF_CFLAGS=''
LIBOTF_LIBS=''
LIBPNG=''
LIBRESOLV=''
LIBS=''
LIBSECCOMP_CFLAGS=''
LIBSECCOMP_LIBS=''
LIBSELINUX_CFLAGS=''
LIBSELINUX_LIBS=''
LIBSOUND=''
LIBSYSTEMD_CFLAGS=''
LIBSYSTEMD_LIBS=''
LIBS_ECLIENT=''
LIBS_GNUSTEP=''
LIBS_MAIL=''
LIBS_SYSTEM=''
LIBS_TERMCAP=''
LIBTIFF=''
LIBXMENU=''
LIBXML2_CFLAGS=''
LIBXML2_LIBS=''
LIBXMU=''
LIBXPM=''
LIBXSM=''
LIBXTR6=''
LIBXT_OTHER=''
LIBX_OTHER=''
LIBZ=''
LIB_ACL=''
LIB_CLOCK_GETTIME=''
LIB_EACCESS=''
LIB_EXECINFO=''
LIB_GETRANDOM=''
LIB_MATH=''
LIB_NANOSLEEP=''
LIB_PTHREAD=''
LIB_PTHREAD_SIGMASK=''
LIB_TIMER_TIME=''
LIB_WSOCK32=''
LIB_XATTR=''
LIMITS_H=''
LN_S_FILEONLY=''
LTLIBGMP=''
LTLIBINTL=''
LTLIBOBJS=''
M17N_FLT_CFLAGS=''
M17N_FLT_LIBS=''
MAKEINFO=''
MAKE_PROG=''
MKDIR_P=''
MODULES_OBJ=''
MODULES_SECONDARY_SUFFIX=''
MODULES_SUFFIX=''
NANOSLEEP_LIB=''
NATIVE_COMPILATION_AOT=''
NDK_BUILD_ABI=''
NDK_BUILD_ANDROID_MK=''
NDK_BUILD_ANY_CXX_MODULE=''
NDK_BUILD_AR=''
NDK_BUILD_ARCH=''
NDK_BUILD_CC=''
NDK_BUILD_CFLAGS=''
NDK_BUILD_CXX=''
NDK_BUILD_CXX_LDFLAGS=''
NDK_BUILD_CXX_SHARED=''
NDK_BUILD_CXX_STL=''
NDK_BUILD_MODULES=''
NDK_BUILD_NASM=''
NDK_BUILD_READELF=''
NDK_BUILD_SDK=''
NEXT_ASSERT_H=''
NEXT_AS_FIRST_DIRECTIVE_ASSERT_H=''
NEXT_AS_FIRST_DIRECTIVE_DIRENT_H=''
NEXT_AS_FIRST_DIRECTIVE_ENDIAN_H=''
NEXT_AS_FIRST_DIRECTIVE_ERRNO_H=''
NEXT_AS_FIRST_DIRECTIVE_FCNTL_H=''
NEXT_AS_FIRST_DIRECTIVE_GETOPT_H=''
NEXT_AS_FIRST_DIRECTIVE_INTTYPES_H=''
NEXT_AS_FIRST_DIRECTIVE_LIMITS_H=''
NEXT_AS_FIRST_DIRECTIVE_SIGNAL_H=''
NEXT_AS_FIRST_DIRECTIVE_STDDEF_H=''
NEXT_AS_FIRST_DIRECTIVE_STDINT_H=''
NEXT_AS_FIRST_DIRECTIVE_STDIO_H=''
NEXT_AS_FIRST_DIRECTIVE_STDLIB_H=''
NEXT_AS_FIRST_DIRECTIVE_STRING_H=''
NEXT_AS_FIRST_DIRECTIVE_SYS_RANDOM_H=''
NEXT_AS_FIRST_DIRECTIVE_SYS_SELECT_H=''
NEXT_AS_FIRST_DIRECTIVE_SYS_STAT_H=''
NEXT_AS_FIRST_DIRECTIVE_SYS_TIME_H=''
NEXT_AS_FIRST_DIRECTIVE_SYS_TYPES_H=''
NEXT_AS_FIRST_DIRECTIVE_TIME_H=''
NEXT_AS_FIRST_DIRECTIVE_UNISTD_H=''
NEXT_DIRENT_H=''
NEXT_ENDIAN_H=''
NEXT_ERRNO_H=''
NEXT_FCNTL_H=''
NEXT_GETOPT_H=''
NEXT_INTTYPES_H=''
NEXT_LIMITS_H=''
NEXT_SIGNAL_H=''
NEXT_STDDEF_H=''
NEXT_STDINT_H=''
NEXT_STDIO_H=''
NEXT_STDLIB_H=''
NEXT_STRING_H=''
NEXT_SYS_RANDOM_H=''
NEXT_SYS_SELECT_H=''
NEXT_SYS_STAT_H=''
NEXT_SYS_TIME_H=''
NEXT_SYS_TYPES_H=''
NEXT_TIME_H=''
NEXT_UNISTD_H=''
NOTIFY_CFLAGS=''
NOTIFY_LIBS=''
NOTIFY_OBJ=''
NS_OBJ=''
NS_OBJC_OBJ=''
NTDIR=''
NTLIB=''
NULLPTR_T_NEEDS_STDDEF=''
OBJC=''
OBJCFLAGS=''
OBJEXT=''
OTHER_FILES=''
PACKAGE_BUGREPORT='bug-gnu-emacs@gnu.org'
PACKAGE_NAME='GNU Emacs'
PACKAGE_STRING='GNU Emacs 30.0.90'
PACKAGE_TARNAME='emacs'
PACKAGE_URL='https://www.gnu.org/software/emacs/'
PACKAGE_VERSION='30.0.90'
PATH_SEPARATOR=':'
PAXCTL=''
PAXCTL_dumped=''
PAXCTL_notdumped=''
PGTK_LIBS=''
PGTK_OBJ=''
PKG_CONFIG=''
PKG_CONFIG_LIBDIR=''
PKG_CONFIG_PATH=''
PNG_CFLAGS=''
PNG_LIBS=''
POST_ALLOC_OBJ=''
PRAGMA_COLUMNS=''
PRAGMA_SYSTEM_HEADER=''
PRE_ALLOC_OBJ=''
PRIPTR_PREFIX=''
PROFILING_CFLAGS=''
PTHREAD_H_DEFINES_STRUCT_TIMESPEC=''
PTHREAD_SIGMASK_LIB=''
PTRDIFF_T_SUFFIX=''
QCOPY_ACL_LIB=''
RALLOC_OBJ=''
RANLIB=''
READELF=''
REPLACE_ABORT=''
REPLACE_ACCESS=''
REPLACE_ALIGNED_ALLOC=''
REPLACE_CALLOC_FOR_CALLOC_GNU=''
REPLACE_CALLOC_FOR_CALLOC_POSIX=''
REPLACE_CANONICALIZE_FILE_NAME=''
REPLACE_CHMOD=''
REPLACE_CHOWN=''
REPLACE_CLOSE=''
REPLACE_CLOSEDIR=''
REPLACE_COPY_FILE_RANGE=''
REPLACE_CREAT=''
REPLACE_CTIME=''
REPLACE_DIRFD=''
REPLACE_DPRINTF=''
REPLACE_DUP2=''
REPLACE_DUP3=''
REPLACE_DUP=''
REPLACE_EXECL=''
REPLACE_EXECLE=''
REPLACE_EXECLP=''
REPLACE_EXECV=''
REPLACE_EXECVE=''
REPLACE_EXECVP=''
REPLACE_EXECVPE=''
REPLACE_FACCESSAT=''
REPLACE_FCHDIR=''
REPLACE_FCHMODAT=''
REPLACE_FCHOWNAT=''
REPLACE_FCLOSE=''
REPLACE_FCNTL=''
REPLACE_FDATASYNC=''
REPLACE_FDOPEN=''
REPLACE_FDOPENDIR=''
REPLACE_FFLUSH=''
REPLACE_FFSLL=''
REPLACE_FOPEN=''
REPLACE_FOPEN_FOR_FOPEN_GNU=''
REPLACE_FPRINTF=''
REPLACE_FPURGE=''
REPLACE_FREE=''
REPLACE_FREOPEN=''
REPLACE_FSEEK=''
REPLACE_FSEEKO=''
REPLACE_FSTAT=''
REPLACE_FSTATAT=''
REPLACE_FTELL=''
REPLACE_FTELLO=''
REPLACE_FTRUNCATE=''
REPLACE_FUTIMENS=''
REPLACE_GETCWD=''
REPLACE_GETDELIM=''
REPLACE_GETDOMAINNAME=''
REPLACE_GETDTABLESIZE=''
REPLACE_GETENTROPY=''
REPLACE_GETGROUPS=''
REPLACE_GETLINE=''
REPLACE_GETLOADAVG=''
REPLACE_GETLOGIN_R=''
REPLACE_GETPAGESIZE=''
REPLACE_GETPASS=''
REPLACE_GETPASS_FOR_GETPASS_GNU=''
REPLACE_GETPROGNAME=''
REPLACE_GETRANDOM=''
REPLACE_GETSUBOPT=''
REPLACE_GETTIMEOFDAY=''
REPLACE_GETUSERSHELL=''
REPLACE_GMTIME=''
REPLACE_IMAXABS=''
REPLACE_IMAXDIV=''
REPLACE_INITSTATE=''
REPLACE_ISATTY=''
REPLACE_LCHOWN=''
REPLACE_LINK=''
REPLACE_LINKAT=''
REPLACE_LOCALTIME=''
REPLACE_LOCALTIME_R=''
REPLACE_LSEEK=''
REPLACE_LSTAT=''
REPLACE_MALLOC_FOR_MALLOC_GNU=''
REPLACE_MALLOC_FOR_MALLOC_POSIX=''
REPLACE_MBSTOWCS=''
REPLACE_MBTOWC=''
REPLACE_MB_CUR_MAX=''
REPLACE_MEMCHR=''
REPLACE_MEMMEM=''
REPLACE_MEMPCPY=''
REPLACE_MEMSET_EXPLICIT=''
REPLACE_MKDIR=''
REPLACE_MKFIFO=''
REPLACE_MKFIFOAT=''
REPLACE_MKNOD=''
REPLACE_MKNODAT=''
REPLACE_MKOSTEMP=''
REPLACE_MKOSTEMPS=''
REPLACE_MKSTEMP=''
REPLACE_MKTIME=''
REPLACE_NANOSLEEP=''
REPLACE_NULL=''
REPLACE_OBSTACK_PRINTF=''
REPLACE_OPEN=''
REPLACE_OPENAT=''
REPLACE_OPENDIR=''
REPLACE_PERROR=''
REPLACE_PIPE2=''
REPLACE_POPEN=''
REPLACE_POSIX_MEMALIGN=''
REPLACE_POSIX_OPENPT=''
REPLACE_PREAD=''
REPLACE_PRINTF=''
REPLACE_PSELECT=''
REPLACE_PTHREAD_SIGMASK=''
REPLACE_PTSNAME=''
REPLACE_PTSNAME_R=''
REPLACE_PUTENV=''
REPLACE_PWRITE=''
REPLACE_QSORT_R=''
REPLACE_RAISE=''
REPLACE_RAND=''
REPLACE_RANDOM=''
REPLACE_RANDOM_R=''
REPLACE_READ=''
REPLACE_READDIR=''
REPLACE_READLINK=''
REPLACE_READLINKAT=''
REPLACE_REALLOCARRAY=''
REPLACE_REALLOC_FOR_REALLOC_GNU=''
REPLACE_REALLOC_FOR_REALLOC_POSIX=''
REPLACE_REALPATH=''
REPLACE_REMOVE=''
REPLACE_RENAME=''
REPLACE_RENAMEAT=''
REPLACE_REWINDDIR=''
REPLACE_RMDIR=''
REPLACE_SELECT=''
REPLACE_SETENV=''
REPLACE_SETHOSTNAME=''
REPLACE_SETSTATE=''
REPLACE_SLEEP=''
REPLACE_SNPRINTF=''
REPLACE_SPRINTF=''
REPLACE_STAT=''
REPLACE_STDIO_READ_FUNCS=''
REPLACE_STDIO_WRITE_FUNCS=''
REPLACE_STPCPY=''
REPLACE_STPNCPY=''
REPLACE_STRCASESTR=''
REPLACE_STRCHRNUL=''
REPLACE_STRDUP=''
REPLACE_STRERROR=''
REPLACE_STRERRORNAME_NP=''
REPLACE_STRERROR_R=''
REPLACE_STRFTIME=''
REPLACE_STRNCAT=''
REPLACE_STRNDUP=''
REPLACE_STRNLEN=''
REPLACE_STRSIGNAL=''
REPLACE_STRSTR=''
REPLACE_STRTOD=''
REPLACE_STRTOF=''
REPLACE_STRTOIMAX=''
REPLACE_STRTOK_R=''
REPLACE_STRTOL=''
REPLACE_STRTOLD=''
REPLACE_STRTOLL=''
REPLACE_STRTOUL=''
REPLACE_STRTOULL=''
REPLACE_STRTOUMAX=''
REPLACE_STRUCT_TIMEVAL=''
REPLACE_STRVERSCMP=''
REPLACE_SYMLINK=''
REPLACE_SYMLINKAT=''
REPLACE_TIME=''
REPLACE_TIMEGM=''
REPLACE_TIMESPEC_GET=''
REPLACE_TIMESPEC_GETRES=''
REPLACE_TMPFILE=''
REPLACE_TRUNCATE=''
REPLACE_TTYNAME_R=''
REPLACE_TZSET=''
REPLACE_UNLINK=''
REPLACE_UNLINKAT=''
REPLACE_UNSETENV=''
REPLACE_USLEEP=''
REPLACE_UTIMENSAT=''
REPLACE_VASPRINTF=''
REPLACE_VDPRINTF=''
REPLACE_VFPRINTF=''
REPLACE_VPRINTF=''
REPLACE_VSNPRINTF=''
REPLACE_VSPRINTF=''
REPLACE_WCTOMB=''
REPLACE_WRITE=''
REPLACE__EXIT=''
RSVG_CFLAGS=''
RSVG_LIBS=''
SDK_BUILD_TOOLS='/usr/local/lib/android/sdk/build-tools/34.0.0'
SEPCHAR=''
SETFATTR=''
SETTINGS_CFLAGS=''
SETTINGS_LIBS=''
SHELL='/bin/bash'
SIG_ATOMIC_T_SUFFIX=''
SIZEOF_LONG=''
SIZE_T_SUFFIX=''
SMALL_JA_DIC=''
SQLITE3_CFLAGS=''
SQLITE3_LIBS=''
STDBIT_H=''
STDCKDINT_H=''
STDDEF_H=''
STDDEF_NOT_IDEMPOTENT=''
STDINT_H=''
SUBDIR_MAKEFILES_IN=''
SYSTEM_TYPE=''
SYS_TIME_H_DEFINES_STRUCT_TIMESPEC=''
TERMCAP_OBJ=''
TIFF_CFLAGS=''
TIMER_TIME_LIB=''
TIME_H_DEFINES_STRUCT_TIMESPEC=''
TIME_H_DEFINES_TIME_UTC=''
TOOLKIT_LIBW=''
TREE_SITTER_CFLAGS=''
TREE_SITTER_LIBS=''
UINT32_MAX_LT_UINTMAX_MAX=''
UINT64_MAX_EQ_ULONG_MAX=''
UNDEFINE_STRTOK_R=''
UNEXEC_OBJ=''
UNISTD_H_DEFINES_STRUCT_TIMESPEC=''
UNISTD_H_HAVE_SYS_RANDOM_H=''
UNISTD_H_HAVE_WINSOCK2_H=''
UNISTD_H_HAVE_WINSOCK2_H_AND_USE_SOCKETS=''
USE_ACL=''
USE_STARTUP_NOTIFICATION=''
VMLIMIT_OBJ=''
W32_LIBS=''
W32_OBJ=''
W32_RES_LINK=''
WARN_CFLAGS=''
WARN_JAVAFLAGS=' --release 7 -Xlint:deprecation -Xlint:cast -Xlint:divzero -Xlint:empty -Xlint:finally -Xlint:overrides -Xlint:path -Xlint:serial -Xlint:unchecked'
WCHAR_T_SUFFIX=''
WEBKIT_CFLAGS=''
WEBKIT_LIBS=''
WEBP_CFLAGS=''
WEBP_LIBS=''
WERROR_CFLAGS=''
WIDGET_OBJ=''
WINDOWS_64_BIT_OFF_T=''
WINDOWS_64_BIT_ST_SIZE=''
WINDOWS_STAT_INODES=''
WINDOWS_STAT_TIMESPEC=''
WINDOW_SYSTEM_OBJ=''
WINDRES=''
WINT_T_SUFFIX=''
XARGS_LIMIT=''
XCB_LIBS=''
XCOMPOSITE_CFLAGS=''
XCOMPOSITE_LIBS=''
XCONFIGURE=''
XCRUN=''
XDBE_CFLAGS=''
XDBE_LIBS=''
XFIXES_CFLAGS=''
XFIXES_LIBS=''
XFT_CFLAGS=''
XFT_LIBS=''
XGSELOBJ=''
XINERAMA_CFLAGS=''
XINERAMA_LIBS=''
XINPUT_CFLAGS=''
XINPUT_LIBS=''
XMENU_OBJ=''
XMKMF=''
XOBJ=''
XRANDR_CFLAGS=''
XRANDR_LIBS=''
XRENDER_LIBS=''
XSHAPE_CFLAGS=''
XSHAPE_LIBS=''
XSYNC_CFLAGS=''
XSYNC_LIBS=''
XWIDGETS_OBJ=''
X_TOOLKIT_TYPE=''
ZIP=''
ZIPALIGN='/usr/local/lib/android/sdk/build-tools/34.0.0/zipalign'
ac_ct_CC=''
ac_ct_CXX=''
ac_ct_OBJC=''
archlibdir='${libexecdir}/emacs/${version}/${configuration}'
bindir='${exec_prefix}/bin'
bitmapdir=''
build='x86_64-pc-linux-gnu'
build_alias=''
build_cpu='x86_64'
build_os='linux-gnu'
build_vendor='pc'
cache_file='/dev/null'
canonical='x86_64-pc-linux-gnu'
comma_space_version=''
comma_version=''
configuration='x86_64-pc-linux-gnu'
copyright=''
datadir='${datarootdir}'
datarootdir='${prefix}/share'
docdir='${datarootdir}/doc/${PACKAGE_TARNAME}'
dvidir='${docdir}'
emacs_major_version=''
emacs_use_mailutils=''
etcdir='${datadir}/emacs/${version}/etc'
etcdocdir='${datadir}/emacs/${version}/etc'
exec_prefix='NONE'
gamedir='${localstatedir}/games/emacs'
gamegroup=''
gameuser=''
gl_GNULIB_ENABLED_03e0aaad4cb89ca757653bd367a6ccb7_CONDITION=''
gl_GNULIB_ENABLED_260941c0e5dc67ec9e87d1fb321c300b_CONDITION=''
gl_GNULIB_ENABLED_5264294aa0a5557541b53c8c741f7f31_CONDITION=''
gl_GNULIB_ENABLED_6099e9737f757db36c47fa9d9f02e88c_CONDITION=''
gl_GNULIB_ENABLED_61bcaca76b3e6f9ae55d57a1c3193bc4_CONDITION=''
gl_GNULIB_ENABLED_682e609604ccaac6be382e4ee3a4eaec_CONDITION=''
gl_GNULIB_ENABLED_8444034ea779b88768865bb60b4fb8c9_CONDITION=''
gl_GNULIB_ENABLED_925677f0343de64b89a9f0c790b4104c_CONDITION=''
gl_GNULIB_ENABLED_a9786850e999ae65a836a6041e8e5ed1_CONDITION=''
gl_GNULIB_ENABLED_be453cec5eecf5731a274f2de7f2db36_CONDITION=''
gl_GNULIB_ENABLED_cloexec_CONDITION=''
gl_GNULIB_ENABLED_d3b2383720ee0e541357aa2aac598e2b_CONDITION=''
gl_GNULIB_ENABLED_dirfd_CONDITION=''
gl_GNULIB_ENABLED_e80bf6f757095d2e5fc94dafb8f8fc8b_CONDITION=''
gl_GNULIB_ENABLED_ef455225c00f5049c808c2eda3e76866_CONDITION=''
gl_GNULIB_ENABLED_endian_CONDITION=''
gl_GNULIB_ENABLED_euidaccess_CONDITION=''
gl_GNULIB_ENABLED_fd38c7e463b54744b77b98aeafb4fa7c_CONDITION=''
gl_GNULIB_ENABLED_getdelim_CONDITION=''
gl_GNULIB_ENABLED_getdtablesize_CONDITION=''
gl_GNULIB_ENABLED_getgroups_CONDITION=''
gl_GNULIB_ENABLED_lchmod_CONDITION=''
gl_GNULIB_ENABLED_open_CONDITION=''
gl_GNULIB_ENABLED_rawmemchr_CONDITION=''
gl_GNULIB_ENABLED_strtoll_CONDITION=''
gl_GNULIB_ENABLED_utimens_CONDITION=''
gl_GNULIB_ENABLED_verify_CONDITION=''
gl_LIBOBJDEPS=''
gl_LIBOBJS=''
gl_LTLIBOBJS=''
gltests_LIBOBJDEPS=''
gltests_LIBOBJS=''
gltests_LTLIBOBJS=''
gltests_WITNESS=''
gsettingsschemadir=''
host='x86_64-pc-linux-gnu'
host_alias=''
host_cpu='x86_64'
host_os='linux-gnu'
host_vendor='pc'
htmldir='${docdir}'
includedir='${prefix}/include'
infodir='${datarootdir}/info'
libdir='${exec_prefix}/lib'
libexecdir='${exec_prefix}/libexec'
liblockfile=''
lispdir='${datadir}/emacs/${version}/lisp'
lispdirrel='${version}/lisp'
lisppath='${locallisppath}:${standardlisppath}'
localedir='${datarootdir}/locale'
locallisppath='${datadir}/emacs/${version}/site-lisp:${datadir}/emacs/site-lisp'
localstatedir='${prefix}/var'
mandir='${datarootdir}/man'
ns_appbindir=''
ns_appdir=''
ns_applibdir=''
ns_applibexecdir=''
ns_appresdir=''
ns_appsrc=''
ns_check_file=''
ns_self_contained=''
oldincludedir='/usr/include'
pdfdir='${docdir}'
prefix='NONE'
program_transform_name='s,x,x,'
psdir='${docdir}'
runstatedir='${localstatedir}/run'
sbindir='${exec_prefix}/sbin'
sharedstatedir='${prefix}/com'
srcdir='.'
standardlisppath='${lispdir}'
sysconfdir='${prefix}/etc'
target_alias=''
version=''
with_mailutils=''
x_default_search_path=''

## ------------------- ##
## File substitutions. ##
## ------------------- ##

module_env_snippet_25=''
module_env_snippet_26=''
module_env_snippet_27=''
module_env_snippet_28=''
module_env_snippet_29=''
module_env_snippet_30=''

## ----------- ##
## confdefs.h. ##
## ----------- ##

/* confdefs.h */
#define PACKAGE_NAME "GNU Emacs"
#define PACKAGE_TARNAME "emacs"
#define PACKAGE_VERSION "30.0.90"
#define PACKAGE_STRING "GNU Emacs 30.0.90"
#define PACKAGE_BUGREPORT "bug-gnu-emacs@gnu.org"
#define PACKAGE_URL "https://www.gnu.org/software/emacs/"
#define HAVE_PDUMPER 1

configure: exit 1
