This file contains any messages produced by compilers while
running configure, to aid debugging if configure makes a mistake.

It was created by libexec configure 30.0.50, which was
generated by GNU Autoconf 2.71.  Invocation command line was

  $ /home/runner/work/my-emacs/my-emacs/exec/configure --host=aarch64-unknown-linux-android22 CC=/usr/local/lib/android/sdk/ndk/25.2.9519653/toolchains/llvm/prebuilt/linux-x86_64/bin/aarch64-linux-android22-clang LD=/usr/local/lib/android/sdk/ndk/25.2.9519653/toolchains/llvm/prebuilt/linux-x86_64/bin/aarch64-linux-android22-clang AS=/usr/local/lib/android/sdk/ndk/25.2.9519653/toolchains/llvm/prebuilt/linux-x86_64/bin/aarch64-linux-android22-clang AR=/usr/local/lib/android/sdk/ndk/25.2.9519653/toolchains/llvm/prebuilt/linux-x86_64/bin/llvm-ar 'CFLAGS= -Werror=implicit-function-declaration'

## --------- ##
## Platform. ##
## --------- ##

hostname = fv-az2026-556
uname -m = x86_64
uname -r = 6.5.0-1022-azure
uname -s = Linux
uname -v = #23~22.04.1-Ubuntu SMP Thu May  9 17:59:24 UTC 2024

/usr/bin/uname -p = x86_64
/bin/uname -X     = unknown

/bin/arch              = x86_64
/usr/bin/arch -k       = unknown
/usr/convex/getsysinfo = unknown
/usr/bin/hostinfo      = unknown
/bin/machine           = unknown
/usr/bin/oslevel       = unknown
/bin/universe          = unknown

PATH: /usr/local/lib/android/sdk/platform-tools/
PATH: /usr/local/lib/android/sdk/cmdline-tools/7.0/bin/
PATH: /opt/hostedtoolcache/Java_Zulu_jdk/11.0.23-9/x64/bin/
PATH: /snap/bin/
PATH: /home/runner/.local/bin/
PATH: /opt/pipx_bin/
PATH: /home/runner/.cargo/bin/
PATH: /home/runner/.config/composer/vendor/bin/
PATH: /usr/local/.ghcup/bin/
PATH: /home/runner/.dotnet/tools/
PATH: /usr/local/sbin/
PATH: /usr/local/bin/
PATH: /usr/sbin/
PATH: /usr/bin/
PATH: /sbin/
PATH: /bin/
PATH: /usr/games/
PATH: /usr/local/games/
PATH: /snap/bin/


## ----------- ##
## Core tests. ##
## ----------- ##

configure:2574: looking for aux files: config.guess config.sub install-sh
configure:2587:  trying ./
configure:2616:   ./config.guess found
configure:2616:   ./config.sub found
configure:2598:   ./install-sh found
configure:2747: checking for aarch64-unknown-linux-android22-gcc
configure:2779: result: /usr/local/lib/android/sdk/ndk/25.2.9519653/toolchains/llvm/prebuilt/linux-x86_64/bin/aarch64-linux-android22-clang
configure:3177: checking for C compiler version
configure:3186: /usr/local/lib/android/sdk/ndk/25.2.9519653/toolchains/llvm/prebuilt/linux-x86_64/bin/aarch64-linux-android22-clang --version >&5
Android (9352603, based on r450784d1) clang version 14.0.7 (https://android.googlesource.com/toolchain/llvm-project 4c603efb0cca074e9238af8b4106c30add4418f6)
Target: aarch64-unknown-linux-android22
Thread model: posix
InstalledDir: /usr/local/lib/android/sdk/ndk/25.2.9519653/toolchains/llvm/prebuilt/linux-x86_64/bin
configure:3197: $? = 0
configure:3186: /usr/local/lib/android/sdk/ndk/25.2.9519653/toolchains/llvm/prebuilt/linux-x86_64/bin/aarch64-linux-android22-clang -v >&5
Android (9352603, based on r450784d1) clang version 14.0.7 (https://android.googlesource.com/toolchain/llvm-project 4c603efb0cca074e9238af8b4106c30add4418f6)
Target: aarch64-unknown-linux-android22
Thread model: posix
InstalledDir: /usr/local/lib/android/sdk/ndk/25.2.9519653/toolchains/llvm/prebuilt/linux-x86_64/bin
configure:3197: $? = 0
configure:3186: /usr/local/lib/android/sdk/ndk/25.2.9519653/toolchains/llvm/prebuilt/linux-x86_64/bin/aarch64-linux-android22-clang -V >&5
clang-14: error: argument to '-V' is missing (expected 1 value)
clang-14: error: no input files
configure:3197: $? = 1
configure:3186: /usr/local/lib/android/sdk/ndk/25.2.9519653/toolchains/llvm/prebuilt/linux-x86_64/bin/aarch64-linux-android22-clang -qversion >&5
clang-14: error: unknown argument '-qversion'; did you mean '--version'?
clang-14: error: no input files
configure:3197: $? = 1
configure:3186: /usr/local/lib/android/sdk/ndk/25.2.9519653/toolchains/llvm/prebuilt/linux-x86_64/bin/aarch64-linux-android22-clang -version >&5
clang-14: error: unknown argument '-version'; did you mean '--version'?
clang-14: error: no input files
configure:3197: $? = 1
configure:3217: checking whether the C compiler works
configure:3239: /usr/local/lib/android/sdk/ndk/25.2.9519653/toolchains/llvm/prebuilt/linux-x86_64/bin/aarch64-linux-android22-clang  -Werror=implicit-function-declaration   conftest.c  >&5
configure:3243: $? = 0
configure:3293: result: yes
configure:3296: checking for C compiler default output file name
configure:3298: result: a.out
configure:3304: checking for suffix of executables
configure:3311: /usr/local/lib/android/sdk/ndk/25.2.9519653/toolchains/llvm/prebuilt/linux-x86_64/bin/aarch64-linux-android22-clang -o conftest  -Werror=implicit-function-declaration   conftest.c  >&5
configure:3315: $? = 0
configure:3338: result: 
configure:3360: checking whether we are cross compiling
configure:3368: /usr/local/lib/android/sdk/ndk/25.2.9519653/toolchains/llvm/prebuilt/linux-x86_64/bin/aarch64-linux-android22-clang -o conftest  -Werror=implicit-function-declaration   conftest.c  >&5
configure:3372: $? = 0
configure:3379: ./conftest
/home/runner/work/my-emacs/my-emacs/exec/configure: line 3381: ./conftest: cannot execute binary file: Exec format error
configure:3383: $? = 126
configure:3398: result: yes
configure:3403: checking for suffix of object files
configure:3426: /usr/local/lib/android/sdk/ndk/25.2.9519653/toolchains/llvm/prebuilt/linux-x86_64/bin/aarch64-linux-android22-clang -c  -Werror=implicit-function-declaration  conftest.c >&5
configure:3430: $? = 0
configure:3452: result: o
configure:3456: checking whether the compiler supports GNU C
configure:3476: /usr/local/lib/android/sdk/ndk/25.2.9519653/toolchains/llvm/prebuilt/linux-x86_64/bin/aarch64-linux-android22-clang -c  -Werror=implicit-function-declaration  conftest.c >&5
configure:3476: $? = 0
configure:3486: result: yes
configure:3497: checking whether /usr/local/lib/android/sdk/ndk/25.2.9519653/toolchains/llvm/prebuilt/linux-x86_64/bin/aarch64-linux-android22-clang accepts -g
configure:3518: /usr/local/lib/android/sdk/ndk/25.2.9519653/toolchains/llvm/prebuilt/linux-x86_64/bin/aarch64-linux-android22-clang -c -g  conftest.c >&5
configure:3518: $? = 0
configure:3562: result: yes
configure:3582: checking for /usr/local/lib/android/sdk/ndk/25.2.9519653/toolchains/llvm/prebuilt/linux-x86_64/bin/aarch64-linux-android22-clang option to enable C11 features
configure:3597: /usr/local/lib/android/sdk/ndk/25.2.9519653/toolchains/llvm/prebuilt/linux-x86_64/bin/aarch64-linux-android22-clang  -c  -Werror=implicit-function-declaration  conftest.c >&5
configure:3597: $? = 0
configure:3615: result: none needed
configure:3730: checking for stdio.h
configure:3730: /usr/local/lib/android/sdk/ndk/25.2.9519653/toolchains/llvm/prebuilt/linux-x86_64/bin/aarch64-linux-android22-clang -c  -Werror=implicit-function-declaration  conftest.c >&5
configure:3730: $? = 0
configure:3730: result: yes
configure:3730: checking for stdlib.h
configure:3730: /usr/local/lib/android/sdk/ndk/25.2.9519653/toolchains/llvm/prebuilt/linux-x86_64/bin/aarch64-linux-android22-clang -c  -Werror=implicit-function-declaration  conftest.c >&5
configure:3730: $? = 0
configure:3730: result: yes
configure:3730: checking for string.h
configure:3730: /usr/local/lib/android/sdk/ndk/25.2.9519653/toolchains/llvm/prebuilt/linux-x86_64/bin/aarch64-linux-android22-clang -c  -Werror=implicit-function-declaration  conftest.c >&5
configure:3730: $? = 0
configure:3730: result: yes
configure:3730: checking for inttypes.h
configure:3730: /usr/local/lib/android/sdk/ndk/25.2.9519653/toolchains/llvm/prebuilt/linux-x86_64/bin/aarch64-linux-android22-clang -c  -Werror=implicit-function-declaration  conftest.c >&5
configure:3730: $? = 0
configure:3730: result: yes
configure:3730: checking for stdint.h
configure:3730: /usr/local/lib/android/sdk/ndk/25.2.9519653/toolchains/llvm/prebuilt/linux-x86_64/bin/aarch64-linux-android22-clang -c  -Werror=implicit-function-declaration  conftest.c >&5
configure:3730: $? = 0
configure:3730: result: yes
configure:3730: checking for strings.h
configure:3730: /usr/local/lib/android/sdk/ndk/25.2.9519653/toolchains/llvm/prebuilt/linux-x86_64/bin/aarch64-linux-android22-clang -c  -Werror=implicit-function-declaration  conftest.c >&5
configure:3730: $? = 0
configure:3730: result: yes
configure:3730: checking for sys/stat.h
configure:3730: /usr/local/lib/android/sdk/ndk/25.2.9519653/toolchains/llvm/prebuilt/linux-x86_64/bin/aarch64-linux-android22-clang -c  -Werror=implicit-function-declaration  conftest.c >&5
configure:3730: $? = 0
configure:3730: result: yes
configure:3730: checking for sys/types.h
configure:3730: /usr/local/lib/android/sdk/ndk/25.2.9519653/toolchains/llvm/prebuilt/linux-x86_64/bin/aarch64-linux-android22-clang -c  -Werror=implicit-function-declaration  conftest.c >&5
configure:3730: $? = 0
configure:3730: result: yes
configure:3730: checking for unistd.h
configure:3730: /usr/local/lib/android/sdk/ndk/25.2.9519653/toolchains/llvm/prebuilt/linux-x86_64/bin/aarch64-linux-android22-clang -c  -Werror=implicit-function-declaration  conftest.c >&5
configure:3730: $? = 0
configure:3730: result: yes
configure:3730: checking for wchar.h
configure:3730: /usr/local/lib/android/sdk/ndk/25.2.9519653/toolchains/llvm/prebuilt/linux-x86_64/bin/aarch64-linux-android22-clang -c  -Werror=implicit-function-declaration  conftest.c >&5
configure:3730: $? = 0
configure:3730: result: yes
configure:3730: checking for minix/config.h
configure:3730: /usr/local/lib/android/sdk/ndk/25.2.9519653/toolchains/llvm/prebuilt/linux-x86_64/bin/aarch64-linux-android22-clang -c  -Werror=implicit-function-declaration  conftest.c >&5
conftest.c:47:10: fatal error: 'minix/config.h' file not found
#include <minix/config.h>
         ^~~~~~~~~~~~~~~~
1 error generated.
configure:3730: $? = 1
configure: failed program was:
| /* confdefs.h */
| #define PACKAGE_NAME "libexec"
| #define PACKAGE_TARNAME "libexec"
| #define PACKAGE_VERSION "30.0.50"
| #define PACKAGE_STRING "libexec 30.0.50"
| #define PACKAGE_BUGREPORT "bug-gnu-emacs@gnu.org"
| #define PACKAGE_URL "https://www.gnu.org/software/emacs/"
| #define HAVE_STDIO_H 1
| #define HAVE_STDLIB_H 1
| #define HAVE_STRING_H 1
| #define HAVE_INTTYPES_H 1
| #define HAVE_STDINT_H 1
| #define HAVE_STRINGS_H 1
| #define HAVE_SYS_STAT_H 1
| #define HAVE_SYS_TYPES_H 1
| #define HAVE_UNISTD_H 1
| #define HAVE_WCHAR_H 1
| /* end confdefs.h.  */
| #include <stddef.h>
| #ifdef HAVE_STDIO_H
| # include <stdio.h>
| #endif
| #ifdef HAVE_STDLIB_H
| # include <stdlib.h>
| #endif
| #ifdef HAVE_STRING_H
| # include <string.h>
| #endif
| #ifdef HAVE_INTTYPES_H
| # include <inttypes.h>
| #endif
| #ifdef HAVE_STDINT_H
| # include <stdint.h>
| #endif
| #ifdef HAVE_STRINGS_H
| # include <strings.h>
| #endif
| #ifdef HAVE_SYS_TYPES_H
| # include <sys/types.h>
| #endif
| #ifdef HAVE_SYS_STAT_H
| # include <sys/stat.h>
| #endif
| #ifdef HAVE_UNISTD_H
| # include <unistd.h>
| #endif
| #include <minix/config.h>
configure:3730: result: no
configure:3761: checking whether it is safe to define __EXTENSIONS__
configure:3780: /usr/local/lib/android/sdk/ndk/25.2.9519653/toolchains/llvm/prebuilt/linux-x86_64/bin/aarch64-linux-android22-clang -c  -Werror=implicit-function-declaration  conftest.c >&5
configure:3780: $? = 0
configure:3788: result: yes
configure:3791: checking whether _XOPEN_SOURCE should be defined
configure:3813: /usr/local/lib/android/sdk/ndk/25.2.9519653/toolchains/llvm/prebuilt/linux-x86_64/bin/aarch64-linux-android22-clang -c  -Werror=implicit-function-declaration  conftest.c >&5
configure:3813: $? = 0
configure:3840: result: no
configure:3904: checking for aarch64-unknown-linux-android22-gcc
configure:3936: result: /usr/local/lib/android/sdk/ndk/25.2.9519653/toolchains/llvm/prebuilt/linux-x86_64/bin/aarch64-linux-android22-clang
configure:4334: checking for C compiler version
configure:4343: /usr/local/lib/android/sdk/ndk/25.2.9519653/toolchains/llvm/prebuilt/linux-x86_64/bin/aarch64-linux-android22-clang --version >&5
Android (9352603, based on r450784d1) clang version 14.0.7 (https://android.googlesource.com/toolchain/llvm-project 4c603efb0cca074e9238af8b4106c30add4418f6)
Target: aarch64-unknown-linux-android22
Thread model: posix
InstalledDir: /usr/local/lib/android/sdk/ndk/25.2.9519653/toolchains/llvm/prebuilt/linux-x86_64/bin
configure:4354: $? = 0
configure:4343: /usr/local/lib/android/sdk/ndk/25.2.9519653/toolchains/llvm/prebuilt/linux-x86_64/bin/aarch64-linux-android22-clang -v >&5
Android (9352603, based on r450784d1) clang version 14.0.7 (https://android.googlesource.com/toolchain/llvm-project 4c603efb0cca074e9238af8b4106c30add4418f6)
Target: aarch64-unknown-linux-android22
Thread model: posix
InstalledDir: /usr/local/lib/android/sdk/ndk/25.2.9519653/toolchains/llvm/prebuilt/linux-x86_64/bin
configure:4354: $? = 0
configure:4343: /usr/local/lib/android/sdk/ndk/25.2.9519653/toolchains/llvm/prebuilt/linux-x86_64/bin/aarch64-linux-android22-clang -V >&5
clang-14: error: argument to '-V' is missing (expected 1 value)
clang-14: error: no input files
configure:4354: $? = 1
configure:4343: /usr/local/lib/android/sdk/ndk/25.2.9519653/toolchains/llvm/prebuilt/linux-x86_64/bin/aarch64-linux-android22-clang -qversion >&5
clang-14: error: unknown argument '-qversion'; did you mean '--version'?
clang-14: error: no input files
configure:4354: $? = 1
configure:4343: /usr/local/lib/android/sdk/ndk/25.2.9519653/toolchains/llvm/prebuilt/linux-x86_64/bin/aarch64-linux-android22-clang -version >&5
clang-14: error: unknown argument '-version'; did you mean '--version'?
clang-14: error: no input files
configure:4354: $? = 1
configure:4358: checking whether the compiler supports GNU C
configure:4388: result: yes
configure:4399: checking whether /usr/local/lib/android/sdk/ndk/25.2.9519653/toolchains/llvm/prebuilt/linux-x86_64/bin/aarch64-linux-android22-clang accepts -g
configure:4464: result: yes
configure:4484: checking for /usr/local/lib/android/sdk/ndk/25.2.9519653/toolchains/llvm/prebuilt/linux-x86_64/bin/aarch64-linux-android22-clang option to enable C11 features
configure:4517: result: none needed
configure:4632: checking how to run the C preprocessor
configure:4658: /usr/local/lib/android/sdk/ndk/25.2.9519653/toolchains/llvm/prebuilt/linux-x86_64/bin/aarch64-linux-android22-clang -E  conftest.c
configure:4658: $? = 0
configure:4673: /usr/local/lib/android/sdk/ndk/25.2.9519653/toolchains/llvm/prebuilt/linux-x86_64/bin/aarch64-linux-android22-clang -E  conftest.c
conftest.c:36:10: fatal error: 'ac_nonexistent.h' file not found
#include <ac_nonexistent.h>
         ^~~~~~~~~~~~~~~~~~
1 error generated.
configure:4673: $? = 1
configure: failed program was:
| /* confdefs.h */
| #define PACKAGE_NAME "libexec"
| #define PACKAGE_TARNAME "libexec"
| #define PACKAGE_VERSION "30.0.50"
| #define PACKAGE_STRING "libexec 30.0.50"
| #define PACKAGE_BUGREPORT "bug-gnu-emacs@gnu.org"
| #define PACKAGE_URL "https://www.gnu.org/software/emacs/"
| #define HAVE_STDIO_H 1
| #define HAVE_STDLIB_H 1
| #define HAVE_STRING_H 1
| #define HAVE_INTTYPES_H 1
| #define HAVE_STDINT_H 1
| #define HAVE_STRINGS_H 1
| #define HAVE_SYS_STAT_H 1
| #define HAVE_SYS_TYPES_H 1
| #define HAVE_UNISTD_H 1
| #define HAVE_WCHAR_H 1
| #define STDC_HEADERS 1
| #define _ALL_SOURCE 1
| #define _DARWIN_C_SOURCE 1
| #define _GNU_SOURCE 1
| #define _HPUX_ALT_XOPEN_SOCKET_API 1
| #define _NETBSD_SOURCE 1
| #define _OPENBSD_SOURCE 1
| #define _POSIX_PTHREAD_SEMANTICS 1
| #define __STDC_WANT_IEC_60559_ATTRIBS_EXT__ 1
| #define __STDC_WANT_IEC_60559_BFP_EXT__ 1
| #define __STDC_WANT_IEC_60559_DFP_EXT__ 1
| #define __STDC_WANT_IEC_60559_FUNCS_EXT__ 1
| #define __STDC_WANT_IEC_60559_TYPES_EXT__ 1
| #define __STDC_WANT_LIB_EXT2__ 1
| #define __STDC_WANT_MATH_SPEC_FUNCS__ 1
| #define _TANDEM_SOURCE 1
| #define __EXTENSIONS__ 1
| /* end confdefs.h.  */
| #include <ac_nonexistent.h>
configure:4700: result: /usr/local/lib/android/sdk/ndk/25.2.9519653/toolchains/llvm/prebuilt/linux-x86_64/bin/aarch64-linux-android22-clang -E
configure:4714: /usr/local/lib/android/sdk/ndk/25.2.9519653/toolchains/llvm/prebuilt/linux-x86_64/bin/aarch64-linux-android22-clang -E  conftest.c
configure:4714: $? = 0
configure:4729: /usr/local/lib/android/sdk/ndk/25.2.9519653/toolchains/llvm/prebuilt/linux-x86_64/bin/aarch64-linux-android22-clang -E  conftest.c
conftest.c:36:10: fatal error: 'ac_nonexistent.h' file not found
#include <ac_nonexistent.h>
         ^~~~~~~~~~~~~~~~~~
1 error generated.
configure:4729: $? = 1
configure: failed program was:
| /* confdefs.h */
| #define PACKAGE_NAME "libexec"
| #define PACKAGE_TARNAME "libexec"
| #define PACKAGE_VERSION "30.0.50"
| #define PACKAGE_STRING "libexec 30.0.50"
| #define PACKAGE_BUGREPORT "bug-gnu-emacs@gnu.org"
| #define PACKAGE_URL "https://www.gnu.org/software/emacs/"
| #define HAVE_STDIO_H 1
| #define HAVE_STDLIB_H 1
| #define HAVE_STRING_H 1
| #define HAVE_INTTYPES_H 1
| #define HAVE_STDINT_H 1
| #define HAVE_STRINGS_H 1
| #define HAVE_SYS_STAT_H 1
| #define HAVE_SYS_TYPES_H 1
| #define HAVE_UNISTD_H 1
| #define HAVE_WCHAR_H 1
| #define STDC_HEADERS 1
| #define _ALL_SOURCE 1
| #define _DARWIN_C_SOURCE 1
| #define _GNU_SOURCE 1
| #define _HPUX_ALT_XOPEN_SOCKET_API 1
| #define _NETBSD_SOURCE 1
| #define _OPENBSD_SOURCE 1
| #define _POSIX_PTHREAD_SEMANTICS 1
| #define __STDC_WANT_IEC_60559_ATTRIBS_EXT__ 1
| #define __STDC_WANT_IEC_60559_BFP_EXT__ 1
| #define __STDC_WANT_IEC_60559_DFP_EXT__ 1
| #define __STDC_WANT_IEC_60559_FUNCS_EXT__ 1
| #define __STDC_WANT_IEC_60559_TYPES_EXT__ 1
| #define __STDC_WANT_LIB_EXT2__ 1
| #define __STDC_WANT_MATH_SPEC_FUNCS__ 1
| #define _TANDEM_SOURCE 1
| #define __EXTENSIONS__ 1
| /* end confdefs.h.  */
| #include <ac_nonexistent.h>
configure:4775: checking for a BSD-compatible install
configure:4848: result: /usr/bin/install -c
configure:4860: checking for uint8_t
configure:4860: /usr/local/lib/android/sdk/ndk/25.2.9519653/toolchains/llvm/prebuilt/linux-x86_64/bin/aarch64-linux-android22-clang -c  -Werror=implicit-function-declaration  conftest.c >&5
configure:4860: $? = 0
configure:4860: result: yes
configure:4872: checking for uint16_t
configure:4872: /usr/local/lib/android/sdk/ndk/25.2.9519653/toolchains/llvm/prebuilt/linux-x86_64/bin/aarch64-linux-android22-clang -c  -Werror=implicit-function-declaration  conftest.c >&5
configure:4872: $? = 0
configure:4872: result: yes
configure:4882: checking for uint32_t
configure:4882: /usr/local/lib/android/sdk/ndk/25.2.9519653/toolchains/llvm/prebuilt/linux-x86_64/bin/aarch64-linux-android22-clang -c  -Werror=implicit-function-declaration  conftest.c >&5
configure:4882: $? = 0
configure:4882: result: yes
configure:4894: checking for uint64_t
configure:4894: /usr/local/lib/android/sdk/ndk/25.2.9519653/toolchains/llvm/prebuilt/linux-x86_64/bin/aarch64-linux-android22-clang -c  -Werror=implicit-function-declaration  conftest.c >&5
configure:4894: $? = 0
configure:4894: result: yes
configure:4907: checking for uintptr_t
configure:4907: /usr/local/lib/android/sdk/ndk/25.2.9519653/toolchains/llvm/prebuilt/linux-x86_64/bin/aarch64-linux-android22-clang -c  -Werror=implicit-function-declaration  conftest.c >&5
configure:4907: $? = 0
configure:4907: /usr/local/lib/android/sdk/ndk/25.2.9519653/toolchains/llvm/prebuilt/linux-x86_64/bin/aarch64-linux-android22-clang -c  -Werror=implicit-function-declaration  conftest.c >&5
conftest.c:67:24: error: expected expression
if (sizeof ((uintptr_t)))
                       ^
1 error generated.
configure:4907: $? = 1
configure: failed program was:
| /* confdefs.h */
| #define PACKAGE_NAME "libexec"
| #define PACKAGE_TARNAME "libexec"
| #define PACKAGE_VERSION "30.0.50"
| #define PACKAGE_STRING "libexec 30.0.50"
| #define PACKAGE_BUGREPORT "bug-gnu-emacs@gnu.org"
| #define PACKAGE_URL "https://www.gnu.org/software/emacs/"
| #define HAVE_STDIO_H 1
| #define HAVE_STDLIB_H 1
| #define HAVE_STRING_H 1
| #define HAVE_INTTYPES_H 1
| #define HAVE_STDINT_H 1
| #define HAVE_STRINGS_H 1
| #define HAVE_SYS_STAT_H 1
| #define HAVE_SYS_TYPES_H 1
| #define HAVE_UNISTD_H 1
| #define HAVE_WCHAR_H 1
| #define STDC_HEADERS 1
| #define _ALL_SOURCE 1
| #define _DARWIN_C_SOURCE 1
| #define _GNU_SOURCE 1
| #define _HPUX_ALT_XOPEN_SOCKET_API 1
| #define _NETBSD_SOURCE 1
| #define _OPENBSD_SOURCE 1
| #define _POSIX_PTHREAD_SEMANTICS 1
| #define __STDC_WANT_IEC_60559_ATTRIBS_EXT__ 1
| #define __STDC_WANT_IEC_60559_BFP_EXT__ 1
| #define __STDC_WANT_IEC_60559_DFP_EXT__ 1
| #define __STDC_WANT_IEC_60559_FUNCS_EXT__ 1
| #define __STDC_WANT_IEC_60559_TYPES_EXT__ 1
| #define __STDC_WANT_LIB_EXT2__ 1
| #define __STDC_WANT_MATH_SPEC_FUNCS__ 1
| #define _TANDEM_SOURCE 1
| #define __EXTENSIONS__ 1
| /* end confdefs.h.  */
| #include <stddef.h>
| #ifdef HAVE_STDIO_H
| # include <stdio.h>
| #endif
| #ifdef HAVE_STDLIB_H
| # include <stdlib.h>
| #endif
| #ifdef HAVE_STRING_H
| # include <string.h>
| #endif
| #ifdef HAVE_INTTYPES_H
| # include <inttypes.h>
| #endif
| #ifdef HAVE_STDINT_H
| # include <stdint.h>
| #endif
| #ifdef HAVE_STRINGS_H
| # include <strings.h>
| #endif
| #ifdef HAVE_SYS_TYPES_H
| # include <sys/types.h>
| #endif
| #ifdef HAVE_SYS_STAT_H
| # include <sys/stat.h>
| #endif
| #ifdef HAVE_UNISTD_H
| # include <unistd.h>
| #endif
| int
| main (void)
| {
| if (sizeof ((uintptr_t)))
| 	    return 0;
|   ;
|   return 0;
| }
configure:4907: result: yes
configure:4943: checking for size_t
configure:4943: /usr/local/lib/android/sdk/ndk/25.2.9519653/toolchains/llvm/prebuilt/linux-x86_64/bin/aarch64-linux-android22-clang -c  -Werror=implicit-function-declaration  conftest.c >&5
configure:4943: $? = 0
configure:4943: /usr/local/lib/android/sdk/ndk/25.2.9519653/toolchains/llvm/prebuilt/linux-x86_64/bin/aarch64-linux-android22-clang -c  -Werror=implicit-function-declaration  conftest.c >&5
conftest.c:68:21: error: expected expression
if (sizeof ((size_t)))
                    ^
1 error generated.
configure:4943: $? = 1
configure: failed program was:
| /* confdefs.h */
| #define PACKAGE_NAME "libexec"
| #define PACKAGE_TARNAME "libexec"
| #define PACKAGE_VERSION "30.0.50"
| #define PACKAGE_STRING "libexec 30.0.50"
| #define PACKAGE_BUGREPORT "bug-gnu-emacs@gnu.org"
| #define PACKAGE_URL "https://www.gnu.org/software/emacs/"
| #define HAVE_STDIO_H 1
| #define HAVE_STDLIB_H 1
| #define HAVE_STRING_H 1
| #define HAVE_INTTYPES_H 1
| #define HAVE_STDINT_H 1
| #define HAVE_STRINGS_H 1
| #define HAVE_SYS_STAT_H 1
| #define HAVE_SYS_TYPES_H 1
| #define HAVE_UNISTD_H 1
| #define HAVE_WCHAR_H 1
| #define STDC_HEADERS 1
| #define _ALL_SOURCE 1
| #define _DARWIN_C_SOURCE 1
| #define _GNU_SOURCE 1
| #define _HPUX_ALT_XOPEN_SOCKET_API 1
| #define _NETBSD_SOURCE 1
| #define _OPENBSD_SOURCE 1
| #define _POSIX_PTHREAD_SEMANTICS 1
| #define __STDC_WANT_IEC_60559_ATTRIBS_EXT__ 1
| #define __STDC_WANT_IEC_60559_BFP_EXT__ 1
| #define __STDC_WANT_IEC_60559_DFP_EXT__ 1
| #define __STDC_WANT_IEC_60559_FUNCS_EXT__ 1
| #define __STDC_WANT_IEC_60559_TYPES_EXT__ 1
| #define __STDC_WANT_LIB_EXT2__ 1
| #define __STDC_WANT_MATH_SPEC_FUNCS__ 1
| #define _TANDEM_SOURCE 1
| #define __EXTENSIONS__ 1
| #define HAVE_UINTPTR_T 1
| /* end confdefs.h.  */
| #include <stddef.h>
| #ifdef HAVE_STDIO_H
| # include <stdio.h>
| #endif
| #ifdef HAVE_STDLIB_H
| # include <stdlib.h>
| #endif
| #ifdef HAVE_STRING_H
| # include <string.h>
| #endif
| #ifdef HAVE_INTTYPES_H
| # include <inttypes.h>
| #endif
| #ifdef HAVE_STDINT_H
| # include <stdint.h>
| #endif
| #ifdef HAVE_STRINGS_H
| # include <strings.h>
| #endif
| #ifdef HAVE_SYS_TYPES_H
| # include <sys/types.h>
| #endif
| #ifdef HAVE_SYS_STAT_H
| # include <sys/stat.h>
| #endif
| #ifdef HAVE_UNISTD_H
| # include <unistd.h>
| #endif
| int
| main (void)
| {
| if (sizeof ((size_t)))
| 	    return 0;
|   ;
|   return 0;
| }
configure:4943: result: yes
configure:4953: checking for ssize_t
configure:4953: /usr/local/lib/android/sdk/ndk/25.2.9519653/toolchains/llvm/prebuilt/linux-x86_64/bin/aarch64-linux-android22-clang -c  -Werror=implicit-function-declaration  conftest.c >&5
configure:4953: $? = 0
configure:4953: /usr/local/lib/android/sdk/ndk/25.2.9519653/toolchains/llvm/prebuilt/linux-x86_64/bin/aarch64-linux-android22-clang -c  -Werror=implicit-function-declaration  conftest.c >&5
conftest.c:68:22: error: expected expression
if (sizeof ((ssize_t)))
                     ^
1 error generated.
configure:4953: $? = 1
configure: failed program was:
| /* confdefs.h */
| #define PACKAGE_NAME "libexec"
| #define PACKAGE_TARNAME "libexec"
| #define PACKAGE_VERSION "30.0.50"
| #define PACKAGE_STRING "libexec 30.0.50"
| #define PACKAGE_BUGREPORT "bug-gnu-emacs@gnu.org"
| #define PACKAGE_URL "https://www.gnu.org/software/emacs/"
| #define HAVE_STDIO_H 1
| #define HAVE_STDLIB_H 1
| #define HAVE_STRING_H 1
| #define HAVE_INTTYPES_H 1
| #define HAVE_STDINT_H 1
| #define HAVE_STRINGS_H 1
| #define HAVE_SYS_STAT_H 1
| #define HAVE_SYS_TYPES_H 1
| #define HAVE_UNISTD_H 1
| #define HAVE_WCHAR_H 1
| #define STDC_HEADERS 1
| #define _ALL_SOURCE 1
| #define _DARWIN_C_SOURCE 1
| #define _GNU_SOURCE 1
| #define _HPUX_ALT_XOPEN_SOCKET_API 1
| #define _NETBSD_SOURCE 1
| #define _OPENBSD_SOURCE 1
| #define _POSIX_PTHREAD_SEMANTICS 1
| #define __STDC_WANT_IEC_60559_ATTRIBS_EXT__ 1
| #define __STDC_WANT_IEC_60559_BFP_EXT__ 1
| #define __STDC_WANT_IEC_60559_DFP_EXT__ 1
| #define __STDC_WANT_IEC_60559_FUNCS_EXT__ 1
| #define __STDC_WANT_IEC_60559_TYPES_EXT__ 1
| #define __STDC_WANT_LIB_EXT2__ 1
| #define __STDC_WANT_MATH_SPEC_FUNCS__ 1
| #define _TANDEM_SOURCE 1
| #define __EXTENSIONS__ 1
| #define HAVE_UINTPTR_T 1
| /* end confdefs.h.  */
| #include <stddef.h>
| #ifdef HAVE_STDIO_H
| # include <stdio.h>
| #endif
| #ifdef HAVE_STDLIB_H
| # include <stdlib.h>
| #endif
| #ifdef HAVE_STRING_H
| # include <string.h>
| #endif
| #ifdef HAVE_INTTYPES_H
| # include <inttypes.h>
| #endif
| #ifdef HAVE_STDINT_H
| # include <stdint.h>
| #endif
| #ifdef HAVE_STRINGS_H
| # include <strings.h>
| #endif
| #ifdef HAVE_SYS_TYPES_H
| # include <sys/types.h>
| #endif
| #ifdef HAVE_SYS_STAT_H
| # include <sys/stat.h>
| #endif
| #ifdef HAVE_UNISTD_H
| # include <unistd.h>
| #endif
| int
| main (void)
| {
| if (sizeof ((ssize_t)))
| 	    return 0;
|   ;
|   return 0;
| }
configure:4953: result: yes
configure:4964: checking for pid_t
configure:4964: /usr/local/lib/android/sdk/ndk/25.2.9519653/toolchains/llvm/prebuilt/linux-x86_64/bin/aarch64-linux-android22-clang -c  -Werror=implicit-function-declaration  conftest.c >&5
configure:4964: $? = 0
configure:4964: /usr/local/lib/android/sdk/ndk/25.2.9519653/toolchains/llvm/prebuilt/linux-x86_64/bin/aarch64-linux-android22-clang -c  -Werror=implicit-function-declaration  conftest.c >&5
conftest.c:69:20: error: expected expression
if (sizeof ((pid_t)))
                   ^
1 error generated.
configure:4964: $? = 1
configure: failed program was:
| /* confdefs.h */
| #define PACKAGE_NAME "libexec"
| #define PACKAGE_TARNAME "libexec"
| #define PACKAGE_VERSION "30.0.50"
| #define PACKAGE_STRING "libexec 30.0.50"
| #define PACKAGE_BUGREPORT "bug-gnu-emacs@gnu.org"
| #define PACKAGE_URL "https://www.gnu.org/software/emacs/"
| #define HAVE_STDIO_H 1
| #define HAVE_STDLIB_H 1
| #define HAVE_STRING_H 1
| #define HAVE_INTTYPES_H 1
| #define HAVE_STDINT_H 1
| #define HAVE_STRINGS_H 1
| #define HAVE_SYS_STAT_H 1
| #define HAVE_SYS_TYPES_H 1
| #define HAVE_UNISTD_H 1
| #define HAVE_WCHAR_H 1
| #define STDC_HEADERS 1
| #define _ALL_SOURCE 1
| #define _DARWIN_C_SOURCE 1
| #define _GNU_SOURCE 1
| #define _HPUX_ALT_XOPEN_SOCKET_API 1
| #define _NETBSD_SOURCE 1
| #define _OPENBSD_SOURCE 1
| #define _POSIX_PTHREAD_SEMANTICS 1
| #define __STDC_WANT_IEC_60559_ATTRIBS_EXT__ 1
| #define __STDC_WANT_IEC_60559_BFP_EXT__ 1
| #define __STDC_WANT_IEC_60559_DFP_EXT__ 1
| #define __STDC_WANT_IEC_60559_FUNCS_EXT__ 1
| #define __STDC_WANT_IEC_60559_TYPES_EXT__ 1
| #define __STDC_WANT_LIB_EXT2__ 1
| #define __STDC_WANT_MATH_SPEC_FUNCS__ 1
| #define _TANDEM_SOURCE 1
| #define __EXTENSIONS__ 1
| #define HAVE_UINTPTR_T 1
| /* end confdefs.h.  */
| #include <stddef.h>
| #ifdef HAVE_STDIO_H
| # include <stdio.h>
| #endif
| #ifdef HAVE_STDLIB_H
| # include <stdlib.h>
| #endif
| #ifdef HAVE_STRING_H
| # include <string.h>
| #endif
| #ifdef HAVE_INTTYPES_H
| # include <inttypes.h>
| #endif
| #ifdef HAVE_STDINT_H
| # include <stdint.h>
| #endif
| #ifdef HAVE_STRINGS_H
| # include <strings.h>
| #endif
| #ifdef HAVE_SYS_TYPES_H
| # include <sys/types.h>
| #endif
| #ifdef HAVE_SYS_STAT_H
| # include <sys/stat.h>
| #endif
| #ifdef HAVE_UNISTD_H
| # include <unistd.h>
| #endif
| 
| int
| main (void)
| {
| if (sizeof ((pid_t)))
| 	    return 0;
|   ;
|   return 0;
| }
configure:4964: result: yes
configure:5001: checking for _Bool
configure:5001: /usr/local/lib/android/sdk/ndk/25.2.9519653/toolchains/llvm/prebuilt/linux-x86_64/bin/aarch64-linux-android22-clang -c  -Werror=implicit-function-declaration  conftest.c >&5
configure:5001: $? = 0
configure:5001: /usr/local/lib/android/sdk/ndk/25.2.9519653/toolchains/llvm/prebuilt/linux-x86_64/bin/aarch64-linux-android22-clang -c  -Werror=implicit-function-declaration  conftest.c >&5
conftest.c:68:20: error: expected expression
if (sizeof ((_Bool)))
                   ^
1 error generated.
configure:5001: $? = 1
configure: failed program was:
| /* confdefs.h */
| #define PACKAGE_NAME "libexec"
| #define PACKAGE_TARNAME "libexec"
| #define PACKAGE_VERSION "30.0.50"
| #define PACKAGE_STRING "libexec 30.0.50"
| #define PACKAGE_BUGREPORT "bug-gnu-emacs@gnu.org"
| #define PACKAGE_URL "https://www.gnu.org/software/emacs/"
| #define HAVE_STDIO_H 1
| #define HAVE_STDLIB_H 1
| #define HAVE_STRING_H 1
| #define HAVE_INTTYPES_H 1
| #define HAVE_STDINT_H 1
| #define HAVE_STRINGS_H 1
| #define HAVE_SYS_STAT_H 1
| #define HAVE_SYS_TYPES_H 1
| #define HAVE_UNISTD_H 1
| #define HAVE_WCHAR_H 1
| #define STDC_HEADERS 1
| #define _ALL_SOURCE 1
| #define _DARWIN_C_SOURCE 1
| #define _GNU_SOURCE 1
| #define _HPUX_ALT_XOPEN_SOCKET_API 1
| #define _NETBSD_SOURCE 1
| #define _OPENBSD_SOURCE 1
| #define _POSIX_PTHREAD_SEMANTICS 1
| #define __STDC_WANT_IEC_60559_ATTRIBS_EXT__ 1
| #define __STDC_WANT_IEC_60559_BFP_EXT__ 1
| #define __STDC_WANT_IEC_60559_DFP_EXT__ 1
| #define __STDC_WANT_IEC_60559_FUNCS_EXT__ 1
| #define __STDC_WANT_IEC_60559_TYPES_EXT__ 1
| #define __STDC_WANT_LIB_EXT2__ 1
| #define __STDC_WANT_MATH_SPEC_FUNCS__ 1
| #define _TANDEM_SOURCE 1
| #define __EXTENSIONS__ 1
| #define HAVE_UINTPTR_T 1
| /* end confdefs.h.  */
| #include <stddef.h>
| #ifdef HAVE_STDIO_H
| # include <stdio.h>
| #endif
| #ifdef HAVE_STDLIB_H
| # include <stdlib.h>
| #endif
| #ifdef HAVE_STRING_H
| # include <string.h>
| #endif
| #ifdef HAVE_INTTYPES_H
| # include <inttypes.h>
| #endif
| #ifdef HAVE_STDINT_H
| # include <stdint.h>
| #endif
| #ifdef HAVE_STRINGS_H
| # include <strings.h>
| #endif
| #ifdef HAVE_SYS_TYPES_H
| # include <sys/types.h>
| #endif
| #ifdef HAVE_SYS_STAT_H
| # include <sys/stat.h>
| #endif
| #ifdef HAVE_UNISTD_H
| # include <unistd.h>
| #endif
| int
| main (void)
| {
| if (sizeof ((_Bool)))
| 	    return 0;
|   ;
|   return 0;
| }
configure:5001: result: yes
configure:5010: checking for stdbool.h that conforms to C99
configure:5126: /usr/local/lib/android/sdk/ndk/25.2.9519653/toolchains/llvm/prebuilt/linux-x86_64/bin/aarch64-linux-android22-clang -c  -Werror=implicit-function-declaration  conftest.c >&5
conftest.c:123:25: warning: address of 's' will always evaluate to 'true' [-Wpointer-bool-conversion]
             bool ps = &s;
                  ~~    ^
conftest.c:128:28: warning: address of 't' will always evaluate to 'true' [-Wpointer-bool-conversion]
               _Bool pt = &t;
                     ~~    ^
conftest.c:138:55: warning: address of array 'y' will always evaluate to 'true' [-Wpointer-bool-conversion]
                                                     ~^
conftest.c:138:50: warning: address of array 'x' will always evaluate to 'true' [-Wpointer-bool-conversion]
                                                ~^
conftest.c:138:45: warning: address of array 'w' will always evaluate to 'true' [-Wpointer-bool-conversion]
                                           ~^
conftest.c:138:40: warning: address of array 'v' will always evaluate to 'true' [-Wpointer-bool-conversion]
                                      ~^
conftest.c:138:35: warning: address of array 'u' will always evaluate to 'true' [-Wpointer-bool-conversion]
                                 ~^
conftest.c:138:30: warning: address of array 'r' will always evaluate to 'true' [-Wpointer-bool-conversion]
                            ~^
conftest.c:138:25: warning: address of array 'q' will always evaluate to 'true' [-Wpointer-bool-conversion]
                       ~^
conftest.c:136:40: warning: address of array 'o' will always evaluate to 'true' [-Wpointer-bool-conversion]
                                      ~^
conftest.c:136:35: warning: address of array 'n' will always evaluate to 'true' [-Wpointer-bool-conversion]
                                 ~^
conftest.c:136:30: warning: address of array 'm' will always evaluate to 'true' [-Wpointer-bool-conversion]
                            ~^
conftest.c:136:25: warning: address of array 'l' will always evaluate to 'true' [-Wpointer-bool-conversion]
                       ~^
conftest.c:135:73: warning: address of array 'k' will always evaluate to 'true' [-Wpointer-bool-conversion]
             return (!a + !b + !c + !d + !e + !f + !g + !h + !i + !j + !k
                                                                       ~^
conftest.c:135:68: warning: address of array 'j' will always evaluate to 'true' [-Wpointer-bool-conversion]
             return (!a + !b + !c + !d + !e + !f + !g + !h + !i + !j + !k
                                                                  ~^
conftest.c:135:63: warning: address of array 'i' will always evaluate to 'true' [-Wpointer-bool-conversion]
             return (!a + !b + !c + !d + !e + !f + !g + !h + !i + !j + !k
                                                             ~^
conftest.c:135:38: warning: address of array 'd' will always evaluate to 'true' [-Wpointer-bool-conversion]
             return (!a + !b + !c + !d + !e + !f + !g + !h + !i + !j + !k
                                    ~^
conftest.c:135:33: warning: address of array 'c' will always evaluate to 'true' [-Wpointer-bool-conversion]
             return (!a + !b + !c + !d + !e + !f + !g + !h + !i + !j + !k
                               ~^
conftest.c:135:28: warning: address of array 'b' will always evaluate to 'true' [-Wpointer-bool-conversion]
             return (!a + !b + !c + !d + !e + !f + !g + !h + !i + !j + !k
                          ~^
conftest.c:135:23: warning: address of array 'a' will always evaluate to 'true' [-Wpointer-bool-conversion]
             return (!a + !b + !c + !d + !e + !f + !g + !h + !i + !j + !k
                     ~^
20 warnings generated.
configure:5126: $? = 0
configure:5134: result: yes
configure:5143: checking for getpagesize
configure:5143: /usr/local/lib/android/sdk/ndk/25.2.9519653/toolchains/llvm/prebuilt/linux-x86_64/bin/aarch64-linux-android22-clang -o conftest  -Werror=implicit-function-declaration   conftest.c  >&5
configure:5143: $? = 0
configure:5143: result: yes
configure:5149: checking for stpcpy
configure:5149: /usr/local/lib/android/sdk/ndk/25.2.9519653/toolchains/llvm/prebuilt/linux-x86_64/bin/aarch64-linux-android22-clang -o conftest  -Werror=implicit-function-declaration   conftest.c  >&5
conftest.c:56:6: warning: incompatible redeclaration of library function 'stpcpy' [-Wincompatible-library-redeclaration]
char stpcpy ();
     ^
conftest.c:56:6: note: 'stpcpy' is a builtin with type 'char *(char *, const char *)'
1 warning generated.
configure:5149: $? = 0
configure:5149: result: yes
configure:5156: checking for /usr/local/lib/android/sdk/ndk/25.2.9519653/toolchains/llvm/prebuilt/linux-x86_64/bin/aarch64-linux-android22-clang options needed to detect all undeclared functions
configure:5178: /usr/local/lib/android/sdk/ndk/25.2.9519653/toolchains/llvm/prebuilt/linux-x86_64/bin/aarch64-linux-android22-clang -c  -Werror=implicit-function-declaration   conftest.c >&5
conftest.c:45:8: error: implicitly declaring library function 'strchr' with type 'char *(const char *, int)' [-Werror,-Wimplicit-function-declaration]
(void) strchr;
       ^
conftest.c:45:8: note: include the header <string.h> or explicitly provide a declaration for 'strchr'
1 error generated.
configure:5178: $? = 1
configure: failed program was:
| /* confdefs.h */
| #define PACKAGE_NAME "libexec"
| #define PACKAGE_TARNAME "libexec"
| #define PACKAGE_VERSION "30.0.50"
| #define PACKAGE_STRING "libexec 30.0.50"
| #define PACKAGE_BUGREPORT "bug-gnu-emacs@gnu.org"
| #define PACKAGE_URL "https://www.gnu.org/software/emacs/"
| #define HAVE_STDIO_H 1
| #define HAVE_STDLIB_H 1
| #define HAVE_STRING_H 1
| #define HAVE_INTTYPES_H 1
| #define HAVE_STDINT_H 1
| #define HAVE_STRINGS_H 1
| #define HAVE_SYS_STAT_H 1
| #define HAVE_SYS_TYPES_H 1
| #define HAVE_UNISTD_H 1
| #define HAVE_WCHAR_H 1
| #define STDC_HEADERS 1
| #define _ALL_SOURCE 1
| #define _DARWIN_C_SOURCE 1
| #define _GNU_SOURCE 1
| #define _HPUX_ALT_XOPEN_SOCKET_API 1
| #define _NETBSD_SOURCE 1
| #define _OPENBSD_SOURCE 1
| #define _POSIX_PTHREAD_SEMANTICS 1
| #define __STDC_WANT_IEC_60559_ATTRIBS_EXT__ 1
| #define __STDC_WANT_IEC_60559_BFP_EXT__ 1
| #define __STDC_WANT_IEC_60559_DFP_EXT__ 1
| #define __STDC_WANT_IEC_60559_FUNCS_EXT__ 1
| #define __STDC_WANT_IEC_60559_TYPES_EXT__ 1
| #define __STDC_WANT_LIB_EXT2__ 1
| #define __STDC_WANT_MATH_SPEC_FUNCS__ 1
| #define _TANDEM_SOURCE 1
| #define __EXTENSIONS__ 1
| #define HAVE_UINTPTR_T 1
| #define HAVE__BOOL 1
| #define HAVE_STDBOOL_H 1
| #define HAVE_GETPAGESIZE 1
| #define HAVE_STPCPY 1
| /* end confdefs.h.  */
| 
| int
| main (void)
| {
| (void) strchr;
|   ;
|   return 0;
| }
configure:5205: /usr/local/lib/android/sdk/ndk/25.2.9519653/toolchains/llvm/prebuilt/linux-x86_64/bin/aarch64-linux-android22-clang -c  -Werror=implicit-function-declaration   conftest.c >&5
configure:5205: $? = 0
configure:5222: result: none needed
configure:5236: checking whether stpcpy is declared
configure:5236: /usr/local/lib/android/sdk/ndk/25.2.9519653/toolchains/llvm/prebuilt/linux-x86_64/bin/aarch64-linux-android22-clang -c  -Werror=implicit-function-declaration   conftest.c >&5
configure:5236: $? = 0
configure:5236: result: yes
configure:5245: checking for process_vm_readv
configure:5245: /usr/local/lib/android/sdk/ndk/25.2.9519653/toolchains/llvm/prebuilt/linux-x86_64/bin/aarch64-linux-android22-clang -o conftest  -Werror=implicit-function-declaration   conftest.c  >&5
ld: error: undefined symbol: process_vm_readv
>>> referenced by conftest.c
>>>               /tmp/conftest-6f8c48.o:(main)
clang-14: error: linker command failed with exit code 1 (use -v to see invocation)
configure:5245: $? = 1
configure: failed program was:
| /* confdefs.h */
| #define PACKAGE_NAME "libexec"
| #define PACKAGE_TARNAME "libexec"
| #define PACKAGE_VERSION "30.0.50"
| #define PACKAGE_STRING "libexec 30.0.50"
| #define PACKAGE_BUGREPORT "bug-gnu-emacs@gnu.org"
| #define PACKAGE_URL "https://www.gnu.org/software/emacs/"
| #define HAVE_STDIO_H 1
| #define HAVE_STDLIB_H 1
| #define HAVE_STRING_H 1
| #define HAVE_INTTYPES_H 1
| #define HAVE_STDINT_H 1
| #define HAVE_STRINGS_H 1
| #define HAVE_SYS_STAT_H 1
| #define HAVE_SYS_TYPES_H 1
| #define HAVE_UNISTD_H 1
| #define HAVE_WCHAR_H 1
| #define STDC_HEADERS 1
| #define _ALL_SOURCE 1
| #define _DARWIN_C_SOURCE 1
| #define _GNU_SOURCE 1
| #define _HPUX_ALT_XOPEN_SOCKET_API 1
| #define _NETBSD_SOURCE 1
| #define _OPENBSD_SOURCE 1
| #define _POSIX_PTHREAD_SEMANTICS 1
| #define __STDC_WANT_IEC_60559_ATTRIBS_EXT__ 1
| #define __STDC_WANT_IEC_60559_BFP_EXT__ 1
| #define __STDC_WANT_IEC_60559_DFP_EXT__ 1
| #define __STDC_WANT_IEC_60559_FUNCS_EXT__ 1
| #define __STDC_WANT_IEC_60559_TYPES_EXT__ 1
| #define __STDC_WANT_LIB_EXT2__ 1
| #define __STDC_WANT_MATH_SPEC_FUNCS__ 1
| #define _TANDEM_SOURCE 1
| #define __EXTENSIONS__ 1
| #define HAVE_UINTPTR_T 1
| #define HAVE__BOOL 1
| #define HAVE_STDBOOL_H 1
| #define HAVE_GETPAGESIZE 1
| #define HAVE_STPCPY 1
| #define HAVE_DECL_STPCPY 1
| /* end confdefs.h.  */
| /* Define process_vm_readv to an innocuous variant, in case <limits.h> declares process_vm_readv.
|    For example, HP-UX 11i <limits.h> declares gettimeofday.  */
| #define process_vm_readv innocuous_process_vm_readv
| 
| /* System header to define __stub macros and hopefully few prototypes,
|    which can conflict with char process_vm_readv (); below.  */
| 
| #include <limits.h>
| #undef process_vm_readv
| 
| /* Override any GCC internal prototype to avoid an error.
|    Use char because int might match the return type of a GCC
|    builtin and then its argument prototype would still apply.  */
| #ifdef __cplusplus
| extern "C"
| #endif
| char process_vm_readv ();
| /* The GNU C library defines this for functions which it implements
|     to always fail with ENOSYS.  Some functions are actually named
|     something starting with __ and the normal name is an alias.  */
| #if defined __stub_process_vm_readv || defined __stub___process_vm_readv
| choke me
| #endif
| 
| int
| main (void)
| {
| return process_vm_readv ();
|   ;
|   return 0;
| }
configure:5245: result: no
configure:5265: checking for sys/param.h
configure:5265: /usr/local/lib/android/sdk/ndk/25.2.9519653/toolchains/llvm/prebuilt/linux-x86_64/bin/aarch64-linux-android22-clang -c  -Werror=implicit-function-declaration  conftest.c >&5
configure:5265: $? = 0
configure:5265: result: yes
configure:5271: checking for sys/uio.h
configure:5271: /usr/local/lib/android/sdk/ndk/25.2.9519653/toolchains/llvm/prebuilt/linux-x86_64/bin/aarch64-linux-android22-clang -c  -Werror=implicit-function-declaration  conftest.c >&5
configure:5271: $? = 0
configure:5271: result: yes
configure:5278: checking for siginfo_t.si_syscall
configure:5278: /usr/local/lib/android/sdk/ndk/25.2.9519653/toolchains/llvm/prebuilt/linux-x86_64/bin/aarch64-linux-android22-clang -c  -Werror=implicit-function-declaration  conftest.c >&5
configure:5278: $? = 0
configure:5278: result: yes
configure:5293: checking whether byte ordering is bigendian
configure:5309: /usr/local/lib/android/sdk/ndk/25.2.9519653/toolchains/llvm/prebuilt/linux-x86_64/bin/aarch64-linux-android22-clang -c  -Werror=implicit-function-declaration  conftest.c >&5
conftest.c:46:9: error: unknown type name 'not'
               not a universal capable compiler
               ^
conftest.c:46:14: error: expected ';' after top level declarator
               not a universal capable compiler
                    ^
                    ;
2 errors generated.
configure:5309: $? = 1
configure: failed program was:
| /* confdefs.h */
| #define PACKAGE_NAME "libexec"
| #define PACKAGE_TARNAME "libexec"
| #define PACKAGE_VERSION "30.0.50"
| #define PACKAGE_STRING "libexec 30.0.50"
| #define PACKAGE_BUGREPORT "bug-gnu-emacs@gnu.org"
| #define PACKAGE_URL "https://www.gnu.org/software/emacs/"
| #define HAVE_STDIO_H 1
| #define HAVE_STDLIB_H 1
| #define HAVE_STRING_H 1
| #define HAVE_INTTYPES_H 1
| #define HAVE_STDINT_H 1
| #define HAVE_STRINGS_H 1
| #define HAVE_SYS_STAT_H 1
| #define HAVE_SYS_TYPES_H 1
| #define HAVE_UNISTD_H 1
| #define HAVE_WCHAR_H 1
| #define STDC_HEADERS 1
| #define _ALL_SOURCE 1
| #define _DARWIN_C_SOURCE 1
| #define _GNU_SOURCE 1
| #define _HPUX_ALT_XOPEN_SOCKET_API 1
| #define _NETBSD_SOURCE 1
| #define _OPENBSD_SOURCE 1
| #define _POSIX_PTHREAD_SEMANTICS 1
| #define __STDC_WANT_IEC_60559_ATTRIBS_EXT__ 1
| #define __STDC_WANT_IEC_60559_BFP_EXT__ 1
| #define __STDC_WANT_IEC_60559_DFP_EXT__ 1
| #define __STDC_WANT_IEC_60559_FUNCS_EXT__ 1
| #define __STDC_WANT_IEC_60559_TYPES_EXT__ 1
| #define __STDC_WANT_LIB_EXT2__ 1
| #define __STDC_WANT_MATH_SPEC_FUNCS__ 1
| #define _TANDEM_SOURCE 1
| #define __EXTENSIONS__ 1
| #define HAVE_UINTPTR_T 1
| #define HAVE__BOOL 1
| #define HAVE_STDBOOL_H 1
| #define HAVE_GETPAGESIZE 1
| #define HAVE_STPCPY 1
| #define HAVE_DECL_STPCPY 1
| #define HAVE_SYS_PARAM_H 1
| #define HAVE_SYS_UIO_H 1
| #define HAVE_SIGINFO_T_SI_SYSCALL 1
| /* end confdefs.h.  */
| #ifndef __APPLE_CC__
| 	       not a universal capable compiler
| 	     #endif
| 	     typedef int dummy;
| 
configure:5355: /usr/local/lib/android/sdk/ndk/25.2.9519653/toolchains/llvm/prebuilt/linux-x86_64/bin/aarch64-linux-android22-clang -c  -Werror=implicit-function-declaration  conftest.c >&5
configure:5355: $? = 0
configure:5374: /usr/local/lib/android/sdk/ndk/25.2.9519653/toolchains/llvm/prebuilt/linux-x86_64/bin/aarch64-linux-android22-clang -c  -Werror=implicit-function-declaration  conftest.c >&5
conftest.c:52:4: error: use of undeclared identifier 'not'
                 not big endian
                 ^
1 error generated.
configure:5374: $? = 1
configure: failed program was:
| /* confdefs.h */
| #define PACKAGE_NAME "libexec"
| #define PACKAGE_TARNAME "libexec"
| #define PACKAGE_VERSION "30.0.50"
| #define PACKAGE_STRING "libexec 30.0.50"
| #define PACKAGE_BUGREPORT "bug-gnu-emacs@gnu.org"
| #define PACKAGE_URL "https://www.gnu.org/software/emacs/"
| #define HAVE_STDIO_H 1
| #define HAVE_STDLIB_H 1
| #define HAVE_STRING_H 1
| #define HAVE_INTTYPES_H 1
| #define HAVE_STDINT_H 1
| #define HAVE_STRINGS_H 1
| #define HAVE_SYS_STAT_H 1
| #define HAVE_SYS_TYPES_H 1
| #define HAVE_UNISTD_H 1
| #define HAVE_WCHAR_H 1
| #define STDC_HEADERS 1
| #define _ALL_SOURCE 1
| #define _DARWIN_C_SOURCE 1
| #define _GNU_SOURCE 1
| #define _HPUX_ALT_XOPEN_SOCKET_API 1
| #define _NETBSD_SOURCE 1
| #define _OPENBSD_SOURCE 1
| #define _POSIX_PTHREAD_SEMANTICS 1
| #define __STDC_WANT_IEC_60559_ATTRIBS_EXT__ 1
| #define __STDC_WANT_IEC_60559_BFP_EXT__ 1
| #define __STDC_WANT_IEC_60559_DFP_EXT__ 1
| #define __STDC_WANT_IEC_60559_FUNCS_EXT__ 1
| #define __STDC_WANT_IEC_60559_TYPES_EXT__ 1
| #define __STDC_WANT_LIB_EXT2__ 1
| #define __STDC_WANT_MATH_SPEC_FUNCS__ 1
| #define _TANDEM_SOURCE 1
| #define __EXTENSIONS__ 1
| #define HAVE_UINTPTR_T 1
| #define HAVE__BOOL 1
| #define HAVE_STDBOOL_H 1
| #define HAVE_GETPAGESIZE 1
| #define HAVE_STPCPY 1
| #define HAVE_DECL_STPCPY 1
| #define HAVE_SYS_PARAM_H 1
| #define HAVE_SYS_UIO_H 1
| #define HAVE_SIGINFO_T_SI_SYSCALL 1
| /* end confdefs.h.  */
| #include <sys/types.h>
| 		#include <sys/param.h>
| 
| int
| main (void)
| {
| #if BYTE_ORDER != BIG_ENDIAN
| 		 not big endian
| 		#endif
| 
|   ;
|   return 0;
| }
configure:5508: result: no
configure:5560: checking build system type
configure:5575: result: x86_64-pc-linux-android
configure:5595: checking host system type
configure:5609: result: aarch64-unknown-linux-android22
configure:5636: checking for sys/user.h
configure:5636: /usr/local/lib/android/sdk/ndk/25.2.9519653/toolchains/llvm/prebuilt/linux-x86_64/bin/aarch64-linux-android22-clang -c  -Werror=implicit-function-declaration  conftest.c >&5
configure:5636: $? = 0
configure:5636: result: yes
configure:5666: checking for gm4
configure:5701: result: no
configure:5666: checking for m4
configure:5687: found /usr/bin/m4
configure:5698: result: m4
configure:5715: checking for aarch64-unknown-linux-android22-as
configure:5747: result: /usr/local/lib/android/sdk/ndk/25.2.9519653/toolchains/llvm/prebuilt/linux-x86_64/bin/aarch64-linux-android22-clang
configure:5819: checking for aarch64-unknown-linux-android22-ar
configure:5851: result: /usr/local/lib/android/sdk/ndk/25.2.9519653/toolchains/llvm/prebuilt/linux-x86_64/bin/llvm-ar
configure:5923: checking for aarch64-unknown-linux-android22-ld
configure:5955: result: /usr/local/lib/android/sdk/ndk/25.2.9519653/toolchains/llvm/prebuilt/linux-x86_64/bin/aarch64-linux-android22-clang
configure:6025: checking whether ld is a C compiler
configure:6046: result: yes
configure:6050: checking whether as is a C compiler
configure:6071: result: yes
configure:6244: checking for struct user_regs_struct.sp
configure:6244: /usr/local/lib/android/sdk/ndk/25.2.9519653/toolchains/llvm/prebuilt/linux-x86_64/bin/aarch64-linux-android22-clang -c  -Werror=implicit-function-declaration  conftest.c >&5
configure:6244: $? = 0
configure:6244: result: yes
configure:6294: checking whether __NR_clone3 is declared
configure:6294: /usr/local/lib/android/sdk/ndk/25.2.9519653/toolchains/llvm/prebuilt/linux-x86_64/bin/aarch64-linux-android22-clang -c  -Werror=implicit-function-declaration   conftest.c >&5
configure:6294: $? = 0
configure:6294: result: yes
configure:6716: checking for linux/seccomp.h
configure:6716: /usr/local/lib/android/sdk/ndk/25.2.9519653/toolchains/llvm/prebuilt/linux-x86_64/bin/aarch64-linux-android22-clang -c  -Werror=implicit-function-declaration  conftest.c >&5
configure:6716: $? = 0
configure:6716: result: yes
configure:6722: checking whether SECCOMP_SET_MODE_FILTER is declared
configure:6722: /usr/local/lib/android/sdk/ndk/25.2.9519653/toolchains/llvm/prebuilt/linux-x86_64/bin/aarch64-linux-android22-clang -c  -Werror=implicit-function-declaration   conftest.c >&5
configure:6722: $? = 0
configure:6722: result: yes
configure:6736: checking whether SECCOMP_FILTER_FLAG_TSYNC is declared
configure:6736: /usr/local/lib/android/sdk/ndk/25.2.9519653/toolchains/llvm/prebuilt/linux-x86_64/bin/aarch64-linux-android22-clang -c  -Werror=implicit-function-declaration   conftest.c >&5
configure:6736: $? = 0
configure:6736: result: yes
configure:6750: checking whether SECCOMP_RET_TRACE is declared
configure:6750: /usr/local/lib/android/sdk/ndk/25.2.9519653/toolchains/llvm/prebuilt/linux-x86_64/bin/aarch64-linux-android22-clang -c  -Werror=implicit-function-declaration   conftest.c >&5
configure:6750: $? = 0
configure:6750: result: yes
configure:6716: checking for linux/filter.h
configure:6716: /usr/local/lib/android/sdk/ndk/25.2.9519653/toolchains/llvm/prebuilt/linux-x86_64/bin/aarch64-linux-android22-clang -c  -Werror=implicit-function-declaration  conftest.c >&5
configure:6716: $? = 0
configure:6716: result: yes
configure:6722: checking whether SECCOMP_SET_MODE_FILTER is declared
configure:6722: result: yes
configure:6736: checking whether SECCOMP_FILTER_FLAG_TSYNC is declared
configure:6736: result: yes
configure:6750: checking whether SECCOMP_RET_TRACE is declared
configure:6750: result: yes
configure:6772: checking whether as understands -O
configure:6790: result: yes
configure:6801: checking whether as understands -g
configure:6819: result: yes
configure:6831: checking whether gcc understands -MMD -MF
configure:6850: /usr/local/lib/android/sdk/ndk/25.2.9519653/toolchains/llvm/prebuilt/linux-x86_64/bin/aarch64-linux-android22-clang -c  -Werror=implicit-function-declaration -MMD -MF deps.d -MP  conftest.c >&5
configure:6850: $? = 0
configure:6861: result: yes
configure:6872: checking for 'find' args to delete a file
configure:6886: result: -delete
configure:7017: creating ./config.status

## ---------------------- ##
## Running config.status. ##
## ---------------------- ##

This file was extended by libexec config.status 30.0.50, which was
generated by GNU Autoconf 2.71.  Invocation command line was

  CONFIG_FILES    = 
  CONFIG_HEADERS  = 
  CONFIG_LINKS    = 
  CONFIG_COMMANDS = 
  $ ./config.status 

on fv-az2026-556

config.status:878: creating Makefile
config.status:878: creating config.h

## ---------------- ##
## Cache variables. ##
## ---------------- ##

ac_cv_build=x86_64-pc-linux-android
ac_cv_c_bigendian=no
ac_cv_c_compiler_gnu=yes
ac_cv_c_uint16_t=yes
ac_cv_c_uint32_t=yes
ac_cv_c_uint64_t=yes
ac_cv_c_uint8_t=yes
ac_cv_c_undeclared_builtin_options='none needed'
ac_cv_env_ARFLAGS_set=
ac_cv_env_ARFLAGS_value=
ac_cv_env_ASFLAGS_set=
ac_cv_env_ASFLAGS_value=
ac_cv_env_AS_set=set
ac_cv_env_AS_value=/usr/local/lib/android/sdk/ndk/25.2.9519653/toolchains/llvm/prebuilt/linux-x86_64/bin/aarch64-linux-android22-clang
ac_cv_env_CC_set=set
ac_cv_env_CC_value=/usr/local/lib/android/sdk/ndk/25.2.9519653/toolchains/llvm/prebuilt/linux-x86_64/bin/aarch64-linux-android22-clang
ac_cv_env_CFLAGS_set=set
ac_cv_env_CFLAGS_value=' -Werror=implicit-function-declaration'
ac_cv_env_CPPFLAGS_set=
ac_cv_env_CPPFLAGS_value=
ac_cv_env_CPP_set=
ac_cv_env_CPP_value=
ac_cv_env_LDFLAGS_set=
ac_cv_env_LDFLAGS_value=
ac_cv_env_LD_set=set
ac_cv_env_LD_value=/usr/local/lib/android/sdk/ndk/25.2.9519653/toolchains/llvm/prebuilt/linux-x86_64/bin/aarch64-linux-android22-clang
ac_cv_env_LIBS_set=
ac_cv_env_LIBS_value=
ac_cv_env_LOADERFLAGS_set=
ac_cv_env_LOADERFLAGS_value=
ac_cv_env_M4_set=
ac_cv_env_M4_value=
ac_cv_env_build_alias_set=
ac_cv_env_build_alias_value=
ac_cv_env_host_alias_set=set
ac_cv_env_host_alias_value=aarch64-unknown-linux-android22
ac_cv_env_target_alias_set=
ac_cv_env_target_alias_value=
ac_cv_func_getpagesize=yes
ac_cv_func_process_vm_readv=no
ac_cv_func_stpcpy=yes
ac_cv_have_decl_SECCOMP_FILTER_FLAG_TSYNC=yes
ac_cv_have_decl_SECCOMP_RET_TRACE=yes
ac_cv_have_decl_SECCOMP_SET_MODE_FILTER=yes
ac_cv_have_decl___NR_clone3=yes
ac_cv_have_decl_stpcpy=yes
ac_cv_header_inttypes_h=yes
ac_cv_header_linux_filter_h=yes
ac_cv_header_linux_seccomp_h=yes
ac_cv_header_minix_config_h=no
ac_cv_header_stdbool_h=yes
ac_cv_header_stdint_h=yes
ac_cv_header_stdio_h=yes
ac_cv_header_stdlib_h=yes
ac_cv_header_string_h=yes
ac_cv_header_strings_h=yes
ac_cv_header_sys_param_h=yes
ac_cv_header_sys_stat_h=yes
ac_cv_header_sys_types_h=yes
ac_cv_header_sys_uio_h=yes
ac_cv_header_sys_user_h=yes
ac_cv_header_unistd_h=yes
ac_cv_header_wchar_h=yes
ac_cv_host=aarch64-unknown-linux-android22
ac_cv_member_siginfo_t_si_syscall=yes
ac_cv_member_struct_user_regs_struct_sp=yes
ac_cv_objext=o
ac_cv_path_install='/usr/bin/install -c'
ac_cv_prog_AR=/usr/local/lib/android/sdk/ndk/25.2.9519653/toolchains/llvm/prebuilt/linux-x86_64/bin/llvm-ar
ac_cv_prog_AS=/usr/local/lib/android/sdk/ndk/25.2.9519653/toolchains/llvm/prebuilt/linux-x86_64/bin/aarch64-linux-android22-clang
ac_cv_prog_CC=/usr/local/lib/android/sdk/ndk/25.2.9519653/toolchains/llvm/prebuilt/linux-x86_64/bin/aarch64-linux-android22-clang
ac_cv_prog_CPP='/usr/local/lib/android/sdk/ndk/25.2.9519653/toolchains/llvm/prebuilt/linux-x86_64/bin/aarch64-linux-android22-clang -E'
ac_cv_prog_LD=/usr/local/lib/android/sdk/ndk/25.2.9519653/toolchains/llvm/prebuilt/linux-x86_64/bin/aarch64-linux-android22-clang
ac_cv_prog_M4=m4
ac_cv_prog_cc_c11=
ac_cv_prog_cc_g=yes
ac_cv_prog_cc_stdc=
ac_cv_safe_to_define___extensions__=yes
ac_cv_should_define__xopen_source=no
ac_cv_type__Bool=yes
ac_cv_type_pid_t=yes
ac_cv_type_size_t=yes
ac_cv_type_ssize_t=yes
ac_cv_type_uintptr_t=yes
exec_cv_as_O=yes
exec_cv_as_g=yes
exec_cv_as_is_cc=yes
exec_cv_autodepend=yes
exec_cv_find_delete=-delete
exec_cv_ld_is_cc=yes

## ----------------- ##
## Output variables. ##
## ----------------- ##

AR='/usr/local/lib/android/sdk/ndk/25.2.9519653/toolchains/llvm/prebuilt/linux-x86_64/bin/llvm-ar'
ARFLAGS=''
AS='/usr/local/lib/android/sdk/ndk/25.2.9519653/toolchains/llvm/prebuilt/linux-x86_64/bin/aarch64-linux-android22-clang'
ASFLAGS=' -c -O -g'
AUTO_DEPEND='yes'
CC='/usr/local/lib/android/sdk/ndk/25.2.9519653/toolchains/llvm/prebuilt/linux-x86_64/bin/aarch64-linux-android22-clang'
CFLAGS=' -Werror=implicit-function-declaration'
CPP='/usr/local/lib/android/sdk/ndk/25.2.9519653/toolchains/llvm/prebuilt/linux-x86_64/bin/aarch64-linux-android22-clang -E'
CPPFLAGS=''
DADDI_BROKEN='no'
DEFS='-DHAVE_CONFIG_H'
ECHO_C=''
ECHO_N='-n'
ECHO_T=''
EXEEXT=''
FIND_DELETE='-delete'
INSTALL_DATA='${INSTALL} -m 644'
INSTALL_PROGRAM='${INSTALL}'
INSTALL_SCRIPT='${INSTALL}'
LD='/usr/local/lib/android/sdk/ndk/25.2.9519653/toolchains/llvm/prebuilt/linux-x86_64/bin/aarch64-linux-android22-clang'
LDFLAGS=''
LIBOBJS=''
LIBS=''
LOADERFLAGS=' -nostdlib -nostartfiles -static -Wl,-Ttext=0x2000000000'
LTLIBOBJS=''
M4='m4'
MIPS_N32=''
OBJEXT='o'
OBJS='exec.o trace.o'
PACKAGE_BUGREPORT='bug-gnu-emacs@gnu.org'
PACKAGE_NAME='libexec'
PACKAGE_STRING='libexec 30.0.50'
PACKAGE_TARNAME='libexec'
PACKAGE_URL='https://www.gnu.org/software/emacs/'
PACKAGE_VERSION='30.0.50'
PATH_SEPARATOR=':'
SHELL='/bin/bash'
ac_ct_CC=''
bindir='${exec_prefix}/bin'
build='x86_64-pc-linux-android'
build_alias=''
build_cpu='x86_64'
build_os='linux-android'
build_vendor='pc'
datadir='${datarootdir}'
datarootdir='${prefix}/share'
docdir='${datarootdir}/doc/${PACKAGE_TARNAME}'
dvidir='${docdir}'
exec_loader='loader-aarch64.s'
exec_prefix='${prefix}'
host='aarch64-unknown-linux-android22'
host_alias='aarch64-unknown-linux-android22'
host_cpu='aarch64'
host_os='linux-android22'
host_vendor='unknown'
htmldir='${docdir}'
includedir='${prefix}/include'
infodir='${datarootdir}/info'
is_mips=''
libdir='${exec_prefix}/lib'
libexecdir='${exec_prefix}/libexec'
localedir='${datarootdir}/locale'
localstatedir='${prefix}/var'
mandir='${datarootdir}/man'
oldincludedir='/usr/include'
pdfdir='${docdir}'
prefix='/usr/local'
program_transform_name='s,x,x,'
psdir='${docdir}'
runstatedir='${localstatedir}/run'
sbindir='${exec_prefix}/sbin'
sharedstatedir='${prefix}/com'
sysconfdir='${prefix}/etc'
target_alias=''

## ----------- ##
## confdefs.h. ##
## ----------- ##

/* confdefs.h */
#define PACKAGE_NAME "libexec"
#define PACKAGE_TARNAME "libexec"
#define PACKAGE_VERSION "30.0.50"
#define PACKAGE_STRING "libexec 30.0.50"
#define PACKAGE_BUGREPORT "bug-gnu-emacs@gnu.org"
#define PACKAGE_URL "https://www.gnu.org/software/emacs/"
#define HAVE_STDIO_H 1
#define HAVE_STDLIB_H 1
#define HAVE_STRING_H 1
#define HAVE_INTTYPES_H 1
#define HAVE_STDINT_H 1
#define HAVE_STRINGS_H 1
#define HAVE_SYS_STAT_H 1
#define HAVE_SYS_TYPES_H 1
#define HAVE_UNISTD_H 1
#define HAVE_WCHAR_H 1
#define STDC_HEADERS 1
#define _ALL_SOURCE 1
#define _DARWIN_C_SOURCE 1
#define _GNU_SOURCE 1
#define _HPUX_ALT_XOPEN_SOCKET_API 1
#define _NETBSD_SOURCE 1
#define _OPENBSD_SOURCE 1
#define _POSIX_PTHREAD_SEMANTICS 1
#define __STDC_WANT_IEC_60559_ATTRIBS_EXT__ 1
#define __STDC_WANT_IEC_60559_BFP_EXT__ 1
#define __STDC_WANT_IEC_60559_DFP_EXT__ 1
#define __STDC_WANT_IEC_60559_FUNCS_EXT__ 1
#define __STDC_WANT_IEC_60559_TYPES_EXT__ 1
#define __STDC_WANT_LIB_EXT2__ 1
#define __STDC_WANT_MATH_SPEC_FUNCS__ 1
#define _TANDEM_SOURCE 1
#define __EXTENSIONS__ 1
#define HAVE_UINTPTR_T 1
#define HAVE__BOOL 1
#define HAVE_STDBOOL_H 1
#define HAVE_GETPAGESIZE 1
#define HAVE_STPCPY 1
#define HAVE_DECL_STPCPY 1
#define HAVE_SYS_PARAM_H 1
#define HAVE_SYS_UIO_H 1
#define HAVE_SIGINFO_T_SI_SYSCALL 1
#define SYSCALL_HEADER <asm/unistd.h>
#define USER_HEADER <sys/user.h>
#define USER_REGS_STRUCT struct user_regs_struct
#define SYSCALL_NUM_REG regs[8]
#define SYSCALL_RET_REG regs[0]
#define SYSCALL_ARG_REG regs[0]
#define SYSCALL_ARG1_REG regs[1]
#define SYSCALL_ARG2_REG regs[2]
#define SYSCALL_ARG3_REG regs[3]
#define STACK_POINTER sp
#define PROGRAM_COUNTER pc
#define EXEC_SYSCALL __NR_execve
#define USER_WORD uintptr_t
#define USER_SWORD intptr_t
#define EXEC_64 1
#define EXECUTABLE_BASE 0x3000000000
#define INTERPRETER_BASE 0x3f00000000
#define STACK_GROWS_DOWNWARDS 1
#define CLONE_SYSCALL __NR_clone
#define READLINKAT_SYSCALL __NR_readlinkat
#define OPENAT_SYSCALL __NR_openat
#define CLONE3_SYSCALL __NR_clone3
#define HAVE_LINUX_SECCOMP_H 1
#define HAVE_DECL_SECCOMP_SET_MODE_FILTER 1
#define HAVE_SECCOMP 1
#define HAVE_DECL_SECCOMP_FILTER_FLAG_TSYNC 1
#define HAVE_SECCOMP 1
#define HAVE_DECL_SECCOMP_RET_TRACE 1
#define HAVE_SECCOMP 1
#define HAVE_LINUX_FILTER_H 1
#define HAVE_DECL_SECCOMP_SET_MODE_FILTER 1
#define HAVE_SECCOMP 1
#define HAVE_DECL_SECCOMP_FILTER_FLAG_TSYNC 1
#define HAVE_SECCOMP 1
#define HAVE_DECL_SECCOMP_RET_TRACE 1
#define HAVE_SECCOMP 1

configure: exit 0
